\BOOKMARK [0][-]{chapter*.2}{\376\377\000L\000i\000s\000t\000\040\000o\000f\000\040\000T\000a\000b\000l\000e\000s}{}
\BOOKMARK [0][-]{chapter*.3}{\376\377\000L\000i\000s\000t\000\040\000o\000f\000\040\000F\000i\000g\000u\000r\000e\000s}{}
\BOOKMARK [0][-]{chapter.1}{\376\377\000C\000h\000a\000p\000t\000e\000r\000\040\0001\000\040\116\313\175\071}{}
\BOOKMARK [1][-]{section.1.1}{\376\377\0001\000.\0001\000\040\170\024\172\166\122\325\152\137\202\007\166\356\166\204}{chapter.1}
\BOOKMARK [1][-]{section.1.2}{\376\377\0001\000.\0002\000\040\200\314\146\157}{chapter.1}
\BOOKMARK [1][-]{section.1.3}{\376\377\0001\000.\0003\000\040\212\326\145\207\147\266\151\313}{chapter.1}
\BOOKMARK [0][-]{chapter.2}{\376\377\000C\000h\000a\000p\000t\000e\000r\000\040\0002\000\040\162\171\137\265\123\303\145\170\144\367\123\326}{}
\BOOKMARK [1][-]{section.2.1}{\376\377\0002\000.\0001\000\040\150\205\162\076\120\022\230\073\213\134\123\303\145\170}{chapter.2}
\BOOKMARK [1][-]{section.2.2}{\376\377\0002\000.\0002\000\040\000T\000e\000a\000g\000e\000r\000\040\200\375\221\317\120\022\230\073\213\134\123\303\145\170}{chapter.2}
\BOOKMARK [2][-]{subsection.2.2.1}{\376\377\0002\000.\0002\000.\0001\000\040\000G\000a\000m\000m\000a\000-\000t\000o\000n\000e\000\040\157\376\154\342\126\150}{section.2.2}
\BOOKMARK [2][-]{subsection.2.2.2}{\376\377\0002\000.\0002\000.\0002\000\040\000T\000e\000a\000g\000e\000r\000\040\200\375\221\317\212\125\117\060\154\325}{section.2.2}
\BOOKMARK [0][-]{chapter.3}{\376\377\000C\000h\000a\000p\000t\000e\000r\000\040\0003\000\040\200\375\221\317\162\171\137\265\221\315\122\073}{}
\BOOKMARK [1][-]{section.3.1}{\376\377\0003\000.\0001\000\040\214\307\145\231\232\105\122\325\200\375\221\317\162\171\137\265\221\315\122\073\154\325}{chapter.3}
\BOOKMARK [2][-]{subsection.3.1.1}{\376\377\0003\000.\0001\000.\0001\000\040\117\116\230\073\213\134\116\113\212\236\227\363\155\073\122\325\120\165\156\054}{section.3.1}
\BOOKMARK [2][-]{subsection.3.1.2}{\376\377\0003\000.\0001\000.\0002\000\040\122\006\153\265\134\015\145\170\134\072\136\246\121\375\145\170}{section.3.1}
\BOOKMARK [2][-]{subsection.3.1.3}{\376\377\0003\000.\0001\000.\0003\000\040\123\303\145\170\144\034\134\013\154\325}{section.3.1}
\BOOKMARK [0][-]{chapter.4}{\376\377\000C\000h\000a\000p\000t\000e\000r\000\040\0004\000\040\133\346\232\127}{}
\BOOKMARK [1][-]{section.4.1}{\376\377\0004\000.\0001\000\040\217\250\213\130\174\373\175\161\212\055\133\232}{chapter.4}
\BOOKMARK [1][-]{section.4.2}{\376\377\0004\000.\0002\000\040\133\346\232\127\212\236\145\231}{chapter.4}
\BOOKMARK [2][-]{subsection.4.2.1}{\376\377\0004\000.\0002\000.\0001\000\040\000A\000u\000r\000o\000r\000a\000\040\0002\000.\0000}{section.4.2}
\BOOKMARK [2][-]{subsection.4.2.2}{\376\377\0004\000.\0002\000.\0002\000\040\000A\000u\000r\000o\000r\000a\000\040\0003\000.\0000}{section.4.2}
\BOOKMARK [1][-]{section.4.3}{\376\377\0004\000.\0003\000\040\145\110\200\375\212\125\117\060\145\271\154\325}{chapter.4}
\BOOKMARK [1][-]{section.4.4}{\376\377\0004\000.\0004\000\040\133\346\232\127\175\120\147\234}{chapter.4}
\BOOKMARK [0][-]{chapter.5}{\376\377\000C\000h\000a\000p\000t\000e\000r\000\040\0005\000\040\175\120\212\326\202\007\147\052\117\206\134\125\147\033}{}
\BOOKMARK [1][-]{section.5.1}{\376\377\0005\000.\0001\000\040\175\120\212\326}{chapter.5}
\BOOKMARK [1][-]{section.5.2}{\376\377\0005\000.\0002\000\040\147\052\117\206\134\125\147\033}{chapter.5}
