This is pdfTeX, Version 3.1415926-1.40.10 (TeX Live 2009/Debian) (format=pdflatex 2012.6.8)  18 JUL 2012 15:59
entering extended mode
 %&-line parsing enabled.
**nsysuthesis
(./nsysuthesis.tex
LaTeX2e <2009/09/24>
Babel <v3.8l> and hyphenation patterns for english, usenglishmax, dumylang, noh
yphenation, farsi, arabic, croatian, bulgarian, ukrainian, russian, czech, slov
ak, danish, dutch, finnish, french, basque, ngerman, german, german-x-2009-06-1
9, ngerman-x-2009-06-19, ibycus, monogreek, greek, ancientgreek, hungarian, san
skrit, italian, latin, latvian, lithuanian, mongolian2a, mongolian, bokmal, nyn
orsk, romanian, irish, coptic, serbian, turkish, welsh, esperanto, uppersorbian
, estonian, indonesian, interlingua, icelandic, kurmanji, slovenian, polish, po
rtuguese, spanish, galician, catalan, swedish, ukenglish, pinyin, loaded.
(/usr/share/texmf-texlive/tex/latex/base/report.cls
Document Class: report 2007/10/19 v1.4h Standard LaTeX document class
(/usr/share/texmf-texlive/tex/latex/base/size12.clo
File: size12.clo 2007/10/19 v1.4h Standard LaTeX file (size option)
)
\c@part=\count79
\c@chapter=\count80
\c@section=\count81
\c@subsection=\count82
\c@subsubsection=\count83
\c@paragraph=\count84
\c@subparagraph=\count85
\c@figure=\count86
\c@table=\count87
\abovecaptionskip=\skip41
\belowcaptionskip=\skip42
\bibindent=\dimen102
) (./nsysuthesis.sty
**********************************************************
** Dept. of Computer Science and Engineering, NSYSU 
** version 2.1nsysucse, January 2008, by M. C. Chiang 
** version 2.0nsysucse, July 2007, by M. C. Chiang 
** version 1.9nsysucse, July 2006, by M. C. Chiang 
** version 1.8nsysucse, January 2006, by M. C. Chiang 
** version 1.7nsysucse, December 2005, by M. C. Chiang 
** version 1.6nsysucse, November 2005, by M. C. Chiang 
** 
** Dep. of BioMedical Informatics, Columbia University 
** version 1.3, January 2003, by M. Krauthammer 
** 
** Department of Computer Science, Columbia University 
** version 1.2cucs, February 1997, by Shu-Wie F Chen 
** version 1.1cucs, September 1996, by Shu-Wie F Chen 
** version 1.0cucs, August 1994,by Erez Zadok 
** based on version version 1.0, April 1994 
** Written by Dinesh Das 
** Dept. of Computer Sciences 
** The University of Texas at Austin 
**********************************************************
\hour=\count88
\minute=\count89
\wwwy=\count90
\wwwm=\count91
\wwwd=\count92
\wwwc=\count93
\wwwt=\count94
\wwws=\count95
) (/usr/share/texmf/tex/latex/CJK/CJKutf8.sty
Package: CJKutf8 2008/12/29 4.8.2

(/usr/share/texmf-texlive/tex/generic/oberdiek/ifpdf.sty
Package: ifpdf 2009/04/10 v2.0 Provides the ifpdf switch (HO)
Package ifpdf Info: pdfTeX in pdf mode detected.
)
(/usr/share/texmf-texlive/tex/latex/base/inputenc.sty
Package: inputenc 2008/03/30 v1.1d Input encoding file
\inpenc@prehook=\toks14
\inpenc@posthook=\toks15

(/usr/share/texmf-texlive/tex/latex/base/utf8.def
File: utf8.def 2008/04/05 v1.1m UTF-8 support for inputenc
Now handling font encoding OML ...
... no UTF-8 mapping file for font encoding OML
Now handling font encoding T1 ...
... processing UTF-8 mapping file for font encoding T1

(/usr/share/texmf-texlive/tex/latex/base/t1enc.dfu
File: t1enc.dfu 2008/04/05 v1.1m UTF-8 support for inputenc
   defining Unicode char U+00A1 (decimal 161)
   defining Unicode char U+00A3 (decimal 163)
   defining Unicode char U+00AB (decimal 171)
   defining Unicode char U+00BB (decimal 187)
   defining Unicode char U+00BF (decimal 191)
   defining Unicode char U+00C0 (decimal 192)
   defining Unicode char U+00C1 (decimal 193)
   defining Unicode char U+00C2 (decimal 194)
   defining Unicode char U+00C3 (decimal 195)
   defining Unicode char U+00C4 (decimal 196)
   defining Unicode char U+00C5 (decimal 197)
   defining Unicode char U+00C6 (decimal 198)
   defining Unicode char U+00C7 (decimal 199)
   defining Unicode char U+00C8 (decimal 200)
   defining Unicode char U+00C9 (decimal 201)
   defining Unicode char U+00CA (decimal 202)
   defining Unicode char U+00CB (decimal 203)
   defining Unicode char U+00CC (decimal 204)
   defining Unicode char U+00CD (decimal 205)
   defining Unicode char U+00CE (decimal 206)
   defining Unicode char U+00CF (decimal 207)
   defining Unicode char U+00D0 (decimal 208)
   defining Unicode char U+00D1 (decimal 209)
   defining Unicode char U+00D2 (decimal 210)
   defining Unicode char U+00D3 (decimal 211)
   defining Unicode char U+00D4 (decimal 212)
   defining Unicode char U+00D5 (decimal 213)
   defining Unicode char U+00D6 (decimal 214)
   defining Unicode char U+00D8 (decimal 216)
   defining Unicode char U+00D9 (decimal 217)
   defining Unicode char U+00DA (decimal 218)
   defining Unicode char U+00DB (decimal 219)
   defining Unicode char U+00DC (decimal 220)
   defining Unicode char U+00DD (decimal 221)
   defining Unicode char U+00DE (decimal 222)
   defining Unicode char U+00DF (decimal 223)
   defining Unicode char U+00E0 (decimal 224)
   defining Unicode char U+00E1 (decimal 225)
   defining Unicode char U+00E2 (decimal 226)
   defining Unicode char U+00E3 (decimal 227)
   defining Unicode char U+00E4 (decimal 228)
   defining Unicode char U+00E5 (decimal 229)
   defining Unicode char U+00E6 (decimal 230)
   defining Unicode char U+00E7 (decimal 231)
   defining Unicode char U+00E8 (decimal 232)
   defining Unicode char U+00E9 (decimal 233)
   defining Unicode char U+00EA (decimal 234)
   defining Unicode char U+00EB (decimal 235)
   defining Unicode char U+00EC (decimal 236)
   defining Unicode char U+00ED (decimal 237)
   defining Unicode char U+00EE (decimal 238)
   defining Unicode char U+00EF (decimal 239)
   defining Unicode char U+00F0 (decimal 240)
   defining Unicode char U+00F1 (decimal 241)
   defining Unicode char U+00F2 (decimal 242)
   defining Unicode char U+00F3 (decimal 243)
   defining Unicode char U+00F4 (decimal 244)
   defining Unicode char U+00F5 (decimal 245)
   defining Unicode char U+00F6 (decimal 246)
   defining Unicode char U+00F8 (decimal 248)
   defining Unicode char U+00F9 (decimal 249)
   defining Unicode char U+00FA (decimal 250)
   defining Unicode char U+00FB (decimal 251)
   defining Unicode char U+00FC (decimal 252)
   defining Unicode char U+00FD (decimal 253)
   defining Unicode char U+00FE (decimal 254)
   defining Unicode char U+00FF (decimal 255)
   defining Unicode char U+0102 (decimal 258)
   defining Unicode char U+0103 (decimal 259)
   defining Unicode char U+0104 (decimal 260)
   defining Unicode char U+0105 (decimal 261)
   defining Unicode char U+0106 (decimal 262)
   defining Unicode char U+0107 (decimal 263)
   defining Unicode char U+010C (decimal 268)
   defining Unicode char U+010D (decimal 269)
   defining Unicode char U+010E (decimal 270)
   defining Unicode char U+010F (decimal 271)
   defining Unicode char U+0110 (decimal 272)
   defining Unicode char U+0111 (decimal 273)
   defining Unicode char U+0118 (decimal 280)
   defining Unicode char U+0119 (decimal 281)
   defining Unicode char U+011A (decimal 282)
   defining Unicode char U+011B (decimal 283)
   defining Unicode char U+011E (decimal 286)
   defining Unicode char U+011F (decimal 287)
   defining Unicode char U+0130 (decimal 304)
   defining Unicode char U+0131 (decimal 305)
   defining Unicode char U+0132 (decimal 306)
   defining Unicode char U+0133 (decimal 307)
   defining Unicode char U+0139 (decimal 313)
   defining Unicode char U+013A (decimal 314)
   defining Unicode char U+013D (decimal 317)
   defining Unicode char U+013E (decimal 318)
   defining Unicode char U+0141 (decimal 321)
   defining Unicode char U+0142 (decimal 322)
   defining Unicode char U+0143 (decimal 323)
   defining Unicode char U+0144 (decimal 324)
   defining Unicode char U+0147 (decimal 327)
   defining Unicode char U+0148 (decimal 328)
   defining Unicode char U+014A (decimal 330)
   defining Unicode char U+014B (decimal 331)
   defining Unicode char U+0150 (decimal 336)
   defining Unicode char U+0151 (decimal 337)
   defining Unicode char U+0152 (decimal 338)
   defining Unicode char U+0153 (decimal 339)
   defining Unicode char U+0154 (decimal 340)
   defining Unicode char U+0155 (decimal 341)
   defining Unicode char U+0158 (decimal 344)
   defining Unicode char U+0159 (decimal 345)
   defining Unicode char U+015A (decimal 346)
   defining Unicode char U+015B (decimal 347)
   defining Unicode char U+015E (decimal 350)
   defining Unicode char U+015F (decimal 351)
   defining Unicode char U+0160 (decimal 352)
   defining Unicode char U+0161 (decimal 353)
   defining Unicode char U+0162 (decimal 354)
   defining Unicode char U+0163 (decimal 355)
   defining Unicode char U+0164 (decimal 356)
   defining Unicode char U+0165 (decimal 357)
   defining Unicode char U+016E (decimal 366)
   defining Unicode char U+016F (decimal 367)
   defining Unicode char U+0170 (decimal 368)
   defining Unicode char U+0171 (decimal 369)
   defining Unicode char U+0178 (decimal 376)
   defining Unicode char U+0179 (decimal 377)
   defining Unicode char U+017A (decimal 378)
   defining Unicode char U+017B (decimal 379)
   defining Unicode char U+017C (decimal 380)
   defining Unicode char U+017D (decimal 381)
   defining Unicode char U+017E (decimal 382)
   defining Unicode char U+200C (decimal 8204)
   defining Unicode char U+2013 (decimal 8211)
   defining Unicode char U+2014 (decimal 8212)
   defining Unicode char U+2018 (decimal 8216)
   defining Unicode char U+2019 (decimal 8217)
   defining Unicode char U+201A (decimal 8218)
   defining Unicode char U+201C (decimal 8220)
   defining Unicode char U+201D (decimal 8221)
   defining Unicode char U+201E (decimal 8222)
   defining Unicode char U+2030 (decimal 8240)
   defining Unicode char U+2031 (decimal 8241)
   defining Unicode char U+2039 (decimal 8249)
   defining Unicode char U+203A (decimal 8250)
   defining Unicode char U+2423 (decimal 9251)
)
Now handling font encoding OT1 ...
... processing UTF-8 mapping file for font encoding OT1

(/usr/share/texmf-texlive/tex/latex/base/ot1enc.dfu
File: ot1enc.dfu 2008/04/05 v1.1m UTF-8 support for inputenc
   defining Unicode char U+00A1 (decimal 161)
   defining Unicode char U+00A3 (decimal 163)
   defining Unicode char U+00B8 (decimal 184)
   defining Unicode char U+00BF (decimal 191)
   defining Unicode char U+00C5 (decimal 197)
   defining Unicode char U+00C6 (decimal 198)
   defining Unicode char U+00D8 (decimal 216)
   defining Unicode char U+00DF (decimal 223)
   defining Unicode char U+00E6 (decimal 230)
   defining Unicode char U+00EC (decimal 236)
   defining Unicode char U+00ED (decimal 237)
   defining Unicode char U+00EE (decimal 238)
   defining Unicode char U+00EF (decimal 239)
   defining Unicode char U+00F8 (decimal 248)
   defining Unicode char U+0131 (decimal 305)
   defining Unicode char U+0141 (decimal 321)
   defining Unicode char U+0142 (decimal 322)
   defining Unicode char U+0152 (decimal 338)
   defining Unicode char U+0153 (decimal 339)
   defining Unicode char U+2013 (decimal 8211)
   defining Unicode char U+2014 (decimal 8212)
   defining Unicode char U+2018 (decimal 8216)
   defining Unicode char U+2019 (decimal 8217)
   defining Unicode char U+201C (decimal 8220)
   defining Unicode char U+201D (decimal 8221)
)
Now handling font encoding OMS ...
... processing UTF-8 mapping file for font encoding OMS

(/usr/share/texmf-texlive/tex/latex/base/omsenc.dfu
File: omsenc.dfu 2008/04/05 v1.1m UTF-8 support for inputenc
   defining Unicode char U+00A7 (decimal 167)
   defining Unicode char U+00B6 (decimal 182)
   defining Unicode char U+00B7 (decimal 183)
   defining Unicode char U+2020 (decimal 8224)
   defining Unicode char U+2021 (decimal 8225)
   defining Unicode char U+2022 (decimal 8226)
)
Now handling font encoding OMX ...
... no UTF-8 mapping file for font encoding OMX
Now handling font encoding U ...
... no UTF-8 mapping file for font encoding U
   defining Unicode char U+00A9 (decimal 169)
   defining Unicode char U+00AA (decimal 170)
   defining Unicode char U+00AE (decimal 174)
   defining Unicode char U+00BA (decimal 186)
   defining Unicode char U+02C6 (decimal 710)
   defining Unicode char U+02DC (decimal 732)
   defining Unicode char U+200C (decimal 8204)
   defining Unicode char U+2026 (decimal 8230)
   defining Unicode char U+2122 (decimal 8482)
   defining Unicode char U+2423 (decimal 9251)
))
(/usr/share/texmf/tex/latex/CJK/CJK.sty
Package: CJK 2008/12/29 4.8.2

(/usr/share/texmf/tex/latex/CJK/mule/MULEenc.sty
Package: MULEenc 2008/12/29 4.8.2
)
(/usr/share/texmf/tex/latex/CJK/CJK.enc
File: CJK.enc 2008/12/29 4.8.2
Now handling font encoding C00 ...
... no UTF-8 mapping file for font encoding C00
Now handling font encoding C05 ...
... no UTF-8 mapping file for font encoding C05
Now handling font encoding C09 ...
... no UTF-8 mapping file for font encoding C09
Now handling font encoding C10 ...
... no UTF-8 mapping file for font encoding C10
Now handling font encoding C20 ...
... no UTF-8 mapping file for font encoding C20
Now handling font encoding C19 ...
... no UTF-8 mapping file for font encoding C19
Now handling font encoding C40 ...
... no UTF-8 mapping file for font encoding C40
Now handling font encoding C42 ...
... no UTF-8 mapping file for font encoding C42
Now handling font encoding C43 ...
... no UTF-8 mapping file for font encoding C43
Now handling font encoding C50 ...
... no UTF-8 mapping file for font encoding C50
Now handling font encoding C52 ...
... no UTF-8 mapping file for font encoding C52
Now handling font encoding C49 ...
... no UTF-8 mapping file for font encoding C49
Now handling font encoding C60 ...
... no UTF-8 mapping file for font encoding C60
Now handling font encoding C61 ...
... no UTF-8 mapping file for font encoding C61
Now handling font encoding C63 ...
... no UTF-8 mapping file for font encoding C63
Now handling font encoding C64 ...
... no UTF-8 mapping file for font encoding C64
Now handling font encoding C65 ...
... no UTF-8 mapping file for font encoding C65
Now handling font encoding C70 ...
... no UTF-8 mapping file for font encoding C70
Now handling font encoding C31 ...
... no UTF-8 mapping file for font encoding C31
Now handling font encoding C32 ...
... no UTF-8 mapping file for font encoding C32
Now handling font encoding C33 ...
... no UTF-8 mapping file for font encoding C33
Now handling font encoding C34 ...
... no UTF-8 mapping file for font encoding C34
Now handling font encoding C35 ...
... no UTF-8 mapping file for font encoding C35
Now handling font encoding C36 ...
... no UTF-8 mapping file for font encoding C36
Now handling font encoding C37 ...
... no UTF-8 mapping file for font encoding C37
Now handling font encoding C80 ...
... no UTF-8 mapping file for font encoding C80
Now handling font encoding C81 ...
... no UTF-8 mapping file for font encoding C81
Now handling font encoding C01 ...
... no UTF-8 mapping file for font encoding C01
Now handling font encoding C11 ...
... no UTF-8 mapping file for font encoding C11
Now handling font encoding C21 ...
... no UTF-8 mapping file for font encoding C21
Now handling font encoding C41 ...
... no UTF-8 mapping file for font encoding C41
Now handling font encoding C62 ...
... no UTF-8 mapping file for font encoding C62
)
LaTeX Info: Redefining \selectfont on input line 756.
\CJK@indent=\box26
)
(/usr/share/texmf-texlive/tex/latex/base/fontenc.sty
Package: fontenc 2005/09/27 v1.99g Standard LaTeX package
))
(/usr/share/texmf-texlive/tex/latex/psnfss/times.sty
Package: times 2005/04/12 PSNFSS-v9.2a (SPQR) 
)
(/usr/share/texmf-texlive/tex/latex/graphics/graphicx.sty
Package: graphicx 1999/02/16 v1.0f Enhanced LaTeX Graphics (DPC,SPQR)

(/usr/share/texmf-texlive/tex/latex/graphics/keyval.sty
Package: keyval 1999/03/16 v1.13 key=value parser (DPC)
\KV@toks@=\toks16
)
(/usr/share/texmf-texlive/tex/latex/graphics/graphics.sty
Package: graphics 2009/02/05 v1.0o Standard LaTeX Graphics (DPC,SPQR)

(/usr/share/texmf-texlive/tex/latex/graphics/trig.sty
Package: trig 1999/03/16 v1.09 sin cos tan (DPC)
)
(/etc/texmf/tex/latex/config/graphics.cfg
File: graphics.cfg 2009/08/28 v1.8 graphics configuration of TeX Live
)
Package graphics Info: Driver file: pdftex.def on input line 91.

(/usr/share/texmf-texlive/tex/latex/pdftex-def/pdftex.def
File: pdftex.def 2010/03/12 v0.04p Graphics/color for pdfTeX
\Gread@gobject=\count96
))
\Gin@req@height=\dimen103
\Gin@req@width=\dimen104
)
(/usr/share/texmf-texlive/tex/latex/algorithm2e/algorithm2e.sty
Package: algorithm2e 2005/10/04 v3.9 algorithms environments
\c@AlgoLine=\count97

(/usr/share/texmf-texlive/tex/latex/base/ifthen.sty
Package: ifthen 2001/05/26 v1.1c Standard LaTeX ifthen package (DPC)
)
(/usr/share/texmf-texlive/tex/latex/tools/xspace.sty
Package: xspace 2006/05/08 v1.12 Space after command names (DPC,MH)
)
********************************************************
Package `algorithm2e' Release 3.9 -- october 04 2005 --
- algorithm2e-announce@lirmm.fr mailing list for announcement about releases
- algorithm2e-discussion@lirmm.fr mailing list for discussion about package
subscribe by emailing sympa@lirmm.fr with 'subscribe <list> <firstname name>'
- Author: Christophe Fiorio (fiorio@lirmm.fr)
********************************************************
\skiptotal=\skip43
\skiprule=\skip44
\skiphlne=\skip45
\skiptext=\skip46
\skiplength=\skip47
\algomargin=\skip48
\skipalgocfslide=\skip49
\algowidth=\dimen105
\inoutsize=\dimen106
\inoutline=\dimen107
\algocf@inoutbox=\box27
\algocf@inputbox=\box28
\AlCapSkip=\skip50
\AlCapHSkip=\skip51
\algocf@capbox=\box29
\c@algocfline=\count98
\c@algocf=\count99
\algocf@algoframe=\box30
\algocf@algobox=\box31
) (/usr/share/texmf-texlive/tex/latex/tools/tabularx.sty
Package: tabularx 1999/01/07 v2.07 `tabularx' package (DPC)

(/usr/share/texmf-texlive/tex/latex/tools/array.sty
Package: array 2008/09/09 v2.4c Tabular extension package (FMi)
\col@sep=\dimen108
\extrarowheight=\dimen109
\NC@list=\toks17
\extratabsurround=\skip52
\backup@length=\skip53
)
\TX@col@width=\dimen110
\TX@old@table=\dimen111
\TX@old@col=\dimen112
\TX@target=\dimen113
\TX@delta=\dimen114
\TX@cols=\count100
\TX@ftn=\toks18
)
(/usr/share/texmf-texlive/tex/latex/booktabs/booktabs.sty
Package: booktabs 2005/04/14 v1.61803 publication quality tables
\heavyrulewidth=\dimen115
\lightrulewidth=\dimen116
\cmidrulewidth=\dimen117
\belowrulesep=\dimen118
\belowbottomsep=\dimen119
\aboverulesep=\dimen120
\abovetopsep=\dimen121
\cmidrulesep=\dimen122
\cmidrulekern=\dimen123
\defaultaddspace=\dimen124
\@cmidla=\count101
\@cmidlb=\count102
\@aboverulesep=\dimen125
\@belowrulesep=\dimen126
\@thisruleclass=\count103
\@lastruleclass=\count104
\@thisrulewidth=\dimen127
)
(/usr/share/texmf-texlive/tex/latex/type1cm/type1cm.sty
Package: type1cm 2002/09/05 v0.04 BlueSky/Y&Y Type1 CM font definitions (DPC, p
atched RF)
)
(/usr/share/texmf-texlive/tex/latex/tools/longtable.sty
Package: longtable 2004/02/01 v4.11 Multi-page Table package (DPC)
\LTleft=\skip54
\LTright=\skip55
\LTpre=\skip56
\LTpost=\skip57
\LTchunksize=\count105
\LTcapwidth=\dimen128
\LT@head=\box32
\LT@firsthead=\box33
\LT@foot=\box34
\LT@lastfoot=\box35
\LT@cols=\count106
\LT@rows=\count107
\c@LT@tables=\count108
\c@LT@chunks=\count109
\LT@p@ftn=\toks19
)
(/usr/share/texmf-texlive/tex/latex/oberdiek/epstopdf.sty
Package: epstopdf 2009/10/17 v2.4 Conversion with epstopdf on the fly (HO)

(/usr/share/texmf-texlive/tex/latex/oberdiek/epstopdf-base.sty
Package: epstopdf-base 2009/10/17 v2.4 Base part for package epstopdf

(/usr/share/texmf-texlive/tex/generic/oberdiek/infwarerr.sty
Package: infwarerr 2007/09/09 v1.2 Providing info/warning/message (HO)
)
(/usr/share/texmf-texlive/tex/latex/oberdiek/grfext.sty
Package: grfext 2007/09/30 v1.0 Managing graphics extensions (HO)
)
(/usr/share/texmf-texlive/tex/latex/oberdiek/kvoptions.sty
Package: kvoptions 2009/08/13 v3.4 Keyval support for LaTeX options (HO)

(/usr/share/texmf-texlive/tex/generic/oberdiek/kvsetkeys.sty
Package: kvsetkeys 2009/07/30 v1.5 Key value parser with default handler suppor
t (HO)

(/usr/share/texmf-texlive/tex/generic/oberdiek/etexcmds.sty
Package: etexcmds 2007/12/12 v1.2 Prefix for e-TeX command names (HO)
Package etexcmds Info: Could not find \expanded.
(etexcmds)             That can mean that you are not using pdfTeX 1.50 or
(etexcmds)             that some package has redefined \expanded.
(etexcmds)             In the latter case, load this package earlier.
)))
(/usr/share/texmf-texlive/tex/generic/oberdiek/pdftexcmds.sty
Package: pdftexcmds 2009/09/23 v0.6 LuaTeX support for pdfTeX utility functions
 (HO)

(/usr/share/texmf-texlive/tex/generic/oberdiek/ifluatex.sty
Package: ifluatex 2009/04/17 v1.2 Provides the ifluatex switch (HO)
Package ifluatex Info: LuaTeX not detected.
)
(/usr/share/texmf-texlive/tex/generic/oberdiek/ltxcmds.sty
Package: ltxcmds 2009/08/05 v1.0 Some LaTeX kernel commands for general use (HO
)
)
Package pdftexcmds Info: LuaTeX not detected.
Package pdftexcmds Info: \pdf@primitive is available.
Package pdftexcmds Info: \pdf@ifprimitive is available.
)

Package epstopdf Warning: Shell escape feature is not enabled.

Package grfext Info: Graphics extension search list:
(grfext)             [.png,.pdf,.jpg,.mps,.jpeg,.jbig2,.jb2,.PNG,.PDF,.JPG,.JPE
G,.JBIG2,.JB2,.eps]
(grfext)             \AppendGraphicsExtensions on input line 433.
(/usr/share/texmf-texlive/tex/latex/latexconfig/epstopdf-sys.cfg
File: epstopdf-sys.cfg 2009/10/26 v1.1 Configuration of epstopdf for TeX Live
)))
(/usr/share/texmf-texlive/tex/latex/amsmath/amsmath.sty
Package: amsmath 2000/07/18 v2.13 AMS math features
\@mathmargin=\skip58

For additional information on amsmath, use the `?' option.
(/usr/share/texmf-texlive/tex/latex/amsmath/amstext.sty
Package: amstext 2000/06/29 v2.01

(/usr/share/texmf-texlive/tex/latex/amsmath/amsgen.sty
File: amsgen.sty 1999/11/30 v2.0
\@emptytoks=\toks20
\ex@=\dimen129
))
(/usr/share/texmf-texlive/tex/latex/amsmath/amsbsy.sty
Package: amsbsy 1999/11/29 v1.2d
\pmbraise@=\dimen130
)
(/usr/share/texmf-texlive/tex/latex/amsmath/amsopn.sty
Package: amsopn 1999/12/14 v2.01 operator names
)
\inf@bad=\count110
LaTeX Info: Redefining \frac on input line 211.
\uproot@=\count111
\leftroot@=\count112
LaTeX Info: Redefining \overline on input line 307.
\classnum@=\count113
\DOTSCASE@=\count114
LaTeX Info: Redefining \ldots on input line 379.
LaTeX Info: Redefining \dots on input line 382.
LaTeX Info: Redefining \cdots on input line 467.
\Mathstrutbox@=\box36
\strutbox@=\box37
\big@size=\dimen131
LaTeX Font Info:    Redeclaring font encoding OML on input line 567.
LaTeX Font Info:    Redeclaring font encoding OMS on input line 568.
\macc@depth=\count115
\c@MaxMatrixCols=\count116
\dotsspace@=\muskip10
\c@parentequation=\count117
\dspbrk@lvl=\count118
\tag@help=\toks21
\row@=\count119
\column@=\count120
\maxfields@=\count121
\andhelp@=\toks22
\eqnshift@=\dimen132
\alignsep@=\dimen133
\tagshift@=\dimen134
\tagwidth@=\dimen135
\totwidth@=\dimen136
\lineht@=\dimen137
\@envbody=\toks23
\multlinegap=\skip59
\multlinetaggap=\skip60
\mathdisplay@stack=\toks24
LaTeX Info: Redefining \[ on input line 2666.
LaTeX Info: Redefining \] on input line 2667.
)
(/usr/share/texmf-texlive/tex/latex/amscls/amsthm.sty
Package: amsthm 2004/08/06 v2.20
\thm@style=\toks25
\thm@bodyfont=\toks26
\thm@headfont=\toks27
\thm@notefont=\toks28
\thm@headpunct=\toks29
\thm@preskip=\skip61
\thm@postskip=\skip62
\thm@headsep=\skip63
\dth@everypar=\toks30
)
(/usr/share/texmf-texlive/tex/latex/amsfonts/amsfonts.sty
Package: amsfonts 2009/06/22 v3.00 Basic AMSFonts support
\symAMSa=\mathgroup4
\symAMSb=\mathgroup5
LaTeX Font Info:    Overwriting math alphabet `\mathfrak' in version `bold'
(Font)                  U/euf/m/n --> U/euf/b/n on input line 96.
)
(/usr/share/texmf-texlive/tex/latex/amsfonts/amssymb.sty
Package: amssymb 2009/06/22 v3.00
)
(/usr/share/texmf-texlive/tex/latex/graphics/epsfig.sty
Package: epsfig 1999/02/16 v1.7a (e)psfig emulation (SPQR)
\epsfxsize=\dimen138
\epsfysize=\dimen139
)
(/usr/share/texmf-texlive/tex/latex/psfrag/psfrag.sty
Package: psfrag 1998/04/11 v3.04 PSfrag (MCG)
\pfg@pcount=\count122
\pfg@scount=\count123
\pfg@temp=\write3
)
(/usr/share/texmf-texlive/tex/latex/hyperref/hyperref.sty
Package: hyperref 2009/10/09 v6.79a Hypertext links for LaTeX

(/usr/share/texmf-texlive/tex/generic/oberdiek/ifvtex.sty
Package: ifvtex 2008/11/04 v1.4 Switches for detecting VTeX and its modes (HO)
Package ifvtex Info: VTeX not detected.
)
(/usr/share/texmf-texlive/tex/generic/ifxetex/ifxetex.sty
Package: ifxetex 2009/01/23 v0.5 Provides ifxetex conditional
)
(/usr/share/texmf-texlive/tex/latex/oberdiek/hycolor.sty
Package: hycolor 2009/10/02 v1.5 Code for color options of hyperref/bookmark (H
O)

(/usr/share/texmf-texlive/tex/latex/oberdiek/xcolor-patch.sty
Package: xcolor-patch 2009/10/02 xcolor patch
))
\@linkdim=\dimen140
\Hy@linkcounter=\count124
\Hy@pagecounter=\count125

(/usr/share/texmf-texlive/tex/latex/hyperref/pd1enc.def
File: pd1enc.def 2009/10/09 v6.79a Hyperref: PDFDocEncoding definition (HO)
Now handling font encoding PD1 ...
... no UTF-8 mapping file for font encoding PD1
)
(/usr/share/texmf-texlive/tex/latex/latexconfig/hyperref.cfg
File: hyperref.cfg 2002/06/06 v1.2 hyperref configuration of TeXLive
)
Package hyperref Info: Option `unicode' set `true' on input line 2864.

(/usr/share/texmf-texlive/tex/latex/hyperref/puenc.def
File: puenc.def 2009/10/09 v6.79a Hyperref: PDF Unicode definition (HO)
Now handling font encoding PU ...
... no UTF-8 mapping file for font encoding PU
)
Package hyperref Info: Option `plainpages' set `false' on input line 2864.
Package hyperref Info: Option `bookmarksnumbered' set `true' on input line 2864
.
Package hyperref Info: Hyper figures OFF on input line 2975.
Package hyperref Info: Link nesting OFF on input line 2980.
Package hyperref Info: Hyper index ON on input line 2983.
Package hyperref Info: Plain pages OFF on input line 2990.
Package hyperref Info: Backreferencing OFF on input line 2995.

Implicit mode ON; LaTeX internals redefined
Package hyperref Info: Bookmarks ON on input line 3191.
(/usr/share/texmf-texlive/tex/latex/ltxmisc/url.sty
\Urlmuskip=\muskip11
Package: url 2006/04/12  ver 3.3  Verb mode for urls, etc.
)
LaTeX Info: Redefining \url on input line 3428.

(/usr/share/texmf-texlive/tex/generic/oberdiek/bitset.sty
Package: bitset 2007/09/28 v1.0 Data type bit set (HO)

(/usr/share/texmf-texlive/tex/generic/oberdiek/intcalc.sty
Package: intcalc 2007/09/27 v1.1 Expandable integer calculations (HO)
)
(/usr/share/texmf-texlive/tex/generic/oberdiek/bigintcalc.sty
Package: bigintcalc 2007/11/11 v1.1 Expandable big integer calculations (HO)
))
\Fld@menulength=\count126
\Field@Width=\dimen141
\Fld@charsize=\dimen142
\Field@toks=\toks31
Package hyperref Info: Hyper figures OFF on input line 4377.
Package hyperref Info: Link nesting OFF on input line 4382.
Package hyperref Info: Hyper index ON on input line 4385.
Package hyperref Info: backreferencing OFF on input line 4392.
Package hyperref Info: Link coloring OFF on input line 4397.
Package hyperref Info: Link coloring with OCG OFF on input line 4402.
Package hyperref Info: PDF/A mode OFF on input line 4407.

(/usr/share/texmf-texlive/tex/generic/oberdiek/atbegshi.sty
Package: atbegshi 2008/07/31 v1.9 At begin shipout hook (HO)
)
\Hy@abspage=\count127
\c@Item=\count128
)
*hyperref using driver hpdftex*
(/usr/share/texmf-texlive/tex/latex/hyperref/hpdftex.def
File: hpdftex.def 2009/10/09 v6.79a Hyperref driver for pdfTeX
\Fld@listcount=\count129
)
(/usr/share/texmf-texlive/tex/latex/graphics/color.sty
Package: color 2005/11/14 v1.0j Standard LaTeX Color (DPC)

(/etc/texmf/tex/latex/config/color.cfg
File: color.cfg 2007/01/18 v1.5 color configuration of teTeX/TeXLive
)
Package color Info: Driver file: pdftex.def on input line 130.
)
(/usr/share/texmf-texlive/tex/latex/comment/comment.sty
\CommentStream=\write4

Excluding comment 'comment') (./nsysuthesis.aux)
\openout1 = `nsysuthesis.aux'.

LaTeX Font Info:    Checking defaults for OML/cmm/m/it on input line 53.
LaTeX Font Info:    ... okay on input line 53.
LaTeX Font Info:    Checking defaults for T1/cmr/m/n on input line 53.
LaTeX Font Info:    ... okay on input line 53.
LaTeX Font Info:    Checking defaults for OT1/cmr/m/n on input line 53.
LaTeX Font Info:    ... okay on input line 53.
LaTeX Font Info:    Checking defaults for OMS/cmsy/m/n on input line 53.
LaTeX Font Info:    ... okay on input line 53.
LaTeX Font Info:    Checking defaults for OMX/cmex/m/n on input line 53.
LaTeX Font Info:    ... okay on input line 53.
LaTeX Font Info:    Checking defaults for U/cmr/m/n on input line 53.
LaTeX Font Info:    ... okay on input line 53.
LaTeX Font Info:    Checking defaults for C00/song/m/n on input line 53.
LaTeX Font Info:    ... okay on input line 53.
LaTeX Font Info:    Checking defaults for C05/song/m/n on input line 53.
LaTeX Font Info:    ... okay on input line 53.
LaTeX Font Info:    Checking defaults for C09/song/m/n on input line 53.
LaTeX Font Info:    ... okay on input line 53.
LaTeX Font Info:    Checking defaults for C10/song/m/n on input line 53.
LaTeX Font Info:    ... okay on input line 53.
LaTeX Font Info:    Checking defaults for C20/song/m/n on input line 53.
LaTeX Font Info:    ... okay on input line 53.
LaTeX Font Info:    Checking defaults for C19/song/m/n on input line 53.
LaTeX Font Info:    ... okay on input line 53.
LaTeX Font Info:    Checking defaults for C40/song/m/n on input line 53.
LaTeX Font Info:    ... okay on input line 53.
LaTeX Font Info:    Checking defaults for C42/song/m/n on input line 53.
LaTeX Font Info:    ... okay on input line 53.
LaTeX Font Info:    Checking defaults for C43/song/m/n on input line 53.
LaTeX Font Info:    ... okay on input line 53.
LaTeX Font Info:    Checking defaults for C50/song/m/n on input line 53.
LaTeX Font Info:    ... okay on input line 53.
LaTeX Font Info:    Checking defaults for C52/song/m/n on input line 53.
LaTeX Font Info:    ... okay on input line 53.
LaTeX Font Info:    Checking defaults for C49/song/m/n on input line 53.
LaTeX Font Info:    ... okay on input line 53.
LaTeX Font Info:    Checking defaults for C60/mj/m/n on input line 53.
LaTeX Font Info:    ... okay on input line 53.
LaTeX Font Info:    Checking defaults for C61/mj/m/n on input line 53.
LaTeX Font Info:    ... okay on input line 53.
LaTeX Font Info:    Checking defaults for C63/mj/m/n on input line 53.
LaTeX Font Info:    ... okay on input line 53.
LaTeX Font Info:    Checking defaults for C64/mj/m/n on input line 53.
LaTeX Font Info:    ... okay on input line 53.
LaTeX Font Info:    Checking defaults for C65/mj/m/n on input line 53.
LaTeX Font Info:    ... okay on input line 53.
LaTeX Font Info:    Checking defaults for C70/song/m/n on input line 53.
LaTeX Font Info:    ... okay on input line 53.
LaTeX Font Info:    Checking defaults for C31/song/m/n on input line 53.
LaTeX Font Info:    ... okay on input line 53.
LaTeX Font Info:    Checking defaults for C32/song/m/n on input line 53.
LaTeX Font Info:    ... okay on input line 53.
LaTeX Font Info:    Checking defaults for C33/song/m/n on input line 53.
LaTeX Font Info:    ... okay on input line 53.
LaTeX Font Info:    Checking defaults for C34/song/m/n on input line 53.
LaTeX Font Info:    ... okay on input line 53.
LaTeX Font Info:    Checking defaults for C35/song/m/n on input line 53.
LaTeX Font Info:    ... okay on input line 53.
LaTeX Font Info:    Checking defaults for C36/song/m/n on input line 53.
LaTeX Font Info:    ... okay on input line 53.
LaTeX Font Info:    Checking defaults for C37/song/m/n on input line 53.
LaTeX Font Info:    ... okay on input line 53.
LaTeX Font Info:    Checking defaults for C80/song/m/n on input line 53.
LaTeX Font Info:    ... okay on input line 53.
LaTeX Font Info:    Checking defaults for C81/song/m/n on input line 53.
LaTeX Font Info:    ... okay on input line 53.
LaTeX Font Info:    Checking defaults for C01/song/m/n on input line 53.
LaTeX Font Info:    ... okay on input line 53.
LaTeX Font Info:    Checking defaults for C11/song/m/n on input line 53.
LaTeX Font Info:    ... okay on input line 53.
LaTeX Font Info:    Checking defaults for C21/song/m/n on input line 53.
LaTeX Font Info:    ... okay on input line 53.
LaTeX Font Info:    Checking defaults for C41/song/m/n on input line 53.
LaTeX Font Info:    ... okay on input line 53.
LaTeX Font Info:    Checking defaults for C62/song/m/n on input line 53.
LaTeX Font Info:    ... okay on input line 53.
LaTeX Font Info:    Checking defaults for PD1/pdf/m/n on input line 53.
LaTeX Font Info:    ... okay on input line 53.
LaTeX Font Info:    Checking defaults for PU/pdf/m/n on input line 53.
LaTeX Font Info:    ... okay on input line 53.
LaTeX Font Info:    Try loading font information for OT1+ptm on input line 53.

(/usr/share/texmf-texlive/tex/latex/psnfss/ot1ptm.fd
File: ot1ptm.fd 2001/06/04 font definitions for OT1/ptm.
)
(/usr/share/texmf/tex/context/base/supp-pdf.mkii
[Loading MPS to PDF converter (version 2006.09.02).]
\scratchcounter=\count130
\scratchdimen=\dimen143
\scratchbox=\box38
\nofMPsegments=\count131
\nofMParguments=\count132
\everyMPshowfont=\toks32
\MPscratchCnt=\count133
\MPscratchDim=\dimen144
\MPnumerator=\count134
\everyMPtoPDFconversion=\toks33
)
Package hyperref Info: Link coloring OFF on input line 53.
 (/usr/share/texmf-texlive/tex/latex/hyperref/nameref.sty
Package: nameref 2007/05/29 v2.31 Cross-referencing by name of section

(/usr/share/texmf-texlive/tex/latex/oberdiek/refcount.sty
Package: refcount 2008/08/11 v3.1 Data extraction from references (HO)
)
\c@section@level=\count135
)
LaTeX Info: Redefining \ref on input line 53.
LaTeX Info: Redefining \pageref on input line 53.
 (./nsysuthesis.out) (./nsysuthesis.out)
\@outlinefile=\write5
\openout5 = `nsysuthesis.out'.

\AtBeginShipoutBox=\box39
 (/usr/share/texmf/tex/latex/CJK/UTF8/UTF8.bdg
File: UTF8.bdg 2008/12/29 4.8.2
)
(/usr/share/texmf/tex/latex/CJK/UTF8/UTF8.enc
File: UTF8.enc 2008/12/29 4.8.2
)
(/usr/share/texmf/tex/latex/CJK/UTF8/UTF8.chr
File: UTF8.chr 2008/12/29 4.8.2
)
<logo/nsysulogo.jpg, id=107, 350.81062pt x 350.81062pt>
File: logo/nsysulogo.jpg Graphic file (type jpg)

<use logo/nsysulogo.jpg>
LaTeX Font Info:    Try loading font information for C70+bkai on input line 110
.
 (/usr/share/texmf/tex/latex/CJK/UTF8/c70bkai.fd
File: c70gkai.fd 2008/10/03 4.8.1
)
(/usr/share/texmf/tex/latex/CJK/UTF8/c70bkai.fdx
File: c70bkai.fdx 2008/12/29 4.8.2
) [1
Non-PDF special ignored!

{/var/lib/texmf/fonts/map/pdftex/updmap/pdftex.map} <./logo/nsysulogo.jpg>] <lo
go/nsysu-wm.jpg, id=182, 188.20313pt x 168.63pt>
File: logo/nsysu-wm.jpg Graphic file (type jpg)

<use logo/nsysu-wm.jpg>
LaTeX Font Info:    Try loading font information for OMS+ptm on input line 117.

 (/usr/share/texmf-texlive/tex/latex/psnfss/omsptm.fd
File: omsptm.fd 
)
LaTeX Font Info:    Font shape `OMS/ptm/m/n' in size <12> not available
(Font)              Font shape `OMS/cmsy/m/n' tried instead on input line 117.


pdfTeX warning: pdflatex (file ./figs/sig.pdf): PDF inclusion: found PDF versio
n <1.5>, but at most version <1.4> allowed
<figs/sig.pdf, id=183, 597.45204pt x 845.1575pt>
File: figs/sig.pdf Graphic file (type pdf)
 <use figs/sig.pdf>pdfTeX warning (ext4): destination with the same identifier 
(name{page.i}) has been already used, duplicate ignored
<to be read again> 
                   \relax 
l.120 	\thesissignature
                        [1 <./logo/nsysu-wm.jpg>] [2 <./figs/sig.pdf>]
(./ack.tex [3]) (./abschinese.tex
LaTeX Font Info:    Font shape `OT1/ptm/bx/n' in size <12> not available
(Font)              Font shape `OT1/ptm/b/n' tried instead on input line 20.
 [4]) (./absenglish.tex [5])
LaTeX Font Info:    Font shape `OT1/ptm/bx/n' in size <24.88> not available
(Font)              Font shape `OT1/ptm/b/n' tried instead on input line 133.

(./nsysuthesis.toc [6

])
\tf@toc=\write6
\openout6 = `nsysuthesis.toc'.

 [7] (./nsysuthesis.lot
Overfull \hbox (15.65381pt too wide) in paragraph at lines 7--7
 [][] [][]\C70/bkai/bx/n/12/52 ^^F \C70/bkai/m/n/12/6b µ \C70/bkai/bx/n/12/5c ^
^M \C70/bkai/bx/n/12/65 x \C70/bkai/m/n/12/51 ý \C70/bkai/bx/n/12/65 x \C70/bka
i/bx/n/12/5b æ \C70/bkai/bx/n/12/4f \ \C70/bkai/m/n/12/57 ( \OT1/ptm/m/n/12 Au-
rora 2.0 \C70/bkai/bx/n/12/82 ^^G \OT1/ptm/m/n/12 Au-rora 3.0 \C70/bkai/bx/n/12
/8a ž \C70/bkai/bx/n/12/65 ™ \C70/bkai/m/n/12/5e « \C70/bkai/bx/n/12/4e 
 \C70/bkai/m/n/12/62 @ \C70/bkai/bx/n/12/4f ^^? \C70/bkai/m/n/12/75 ( \C70/bkai
/bx/n/12/4e K $\OML/cmm/m/it/12 []$ \C70/bkai/bx/n/12/82 ^^G $\OML/cmm/m/it/12
 []$ \C70/bkai/m/n/12/76 „ 
 []

)
\tf@lot=\write7
\openout7 = `nsysuthesis.lot'.

 [8

] (./nsysuthesis.lof
LaTeX Font Info:    Try loading font information for OT1+phv on input line 10.
 (/usr/share/texmf-texlive/tex/latex/psnfss/ot1phv.fd
File: ot1phv.fd 2001/06/04 scalable font definitions for OT1/phv.
))
\tf@lof=\write8
\openout8 = `nsysuthesis.lof'.

[9

] (./chap01.tex
Chapter 1.
LaTeX Font Info:    Font shape `OT1/ptm/bx/n' in size <17.28> not available
(Font)              Font shape `OT1/ptm/b/n' tried instead on input line 4.
[1

] [2]) (./chap02.tex [3]
Chapter 2.
[4

] [5]

pdfTeX warning: pdflatex (file ./figs/flow.pdf): PDF inclusion: found PDF versi
on <1.5>, but at most version <1.4> allowed
<figs/flow.pdf, id=495, 541.27219pt x 731.73375pt>
File: figs/flow.pdf Graphic file (type pdf)
 <use figs/flow.pdf>
LaTeX Font Info:    Font shape `OT1/ptm/bx/n' in size <14.4> not available
(Font)              Font shape `OT1/ptm/b/n' tried instead on input line 93.
 [6]
Overfull \hbox (47.20642pt too wide) detected at line 139
[]\OML/cmm/m/it/12 G\OT1/cmr/m/n/12 (\OML/cmm/m/it/12 s\OT1/cmr/m/n/12 ) = []\O
ML/cmm/m/it/12 :
 []

Package epstopdf Info: Source file: <figs/gtimr.eps>
(epstopdf)                    date: 2012-06-14 21:11:21
(epstopdf)                    size: 9836 bytes
(epstopdf)             Output file: <figs/gtimr-eps-converted-to.pdf>
(epstopdf)                    date: 2012-06-14 22:30:47
(epstopdf)                    size: 7340 bytes
(epstopdf)             Command: <epstopdf --outfile=figs/gtimr-eps-converted-to
.pdf figs/gtimr.eps>
(epstopdf)             \includegraphics on input line 162.
Package epstopdf Info: Output file is already uptodate.
<figs/gtimr-eps-converted-to.pdf, id=511, 963.6pt x 664.4825pt>
File: figs/gtimr-eps-converted-to.pdf Graphic file (type pdf)

<use figs/gtimr-eps-converted-to.pdf>
Package epstopdf Info: Source file: <figs/gafrqres.eps>
(epstopdf)                    date: 2012-06-14 23:00:07
(epstopdf)                    size: 429460 bytes
(epstopdf)             Output file: <figs/gafrqres-eps-converted-to.pdf>
(epstopdf)                    date: 2012-06-21 21:04:20
(epstopdf)                    size: 137988 bytes
(epstopdf)             Command: <epstopdf --outfile=figs/gafrqres-eps-converted
-to.pdf figs/gafrqres.eps>
(epstopdf)             \includegraphics on input line 169.
Package epstopdf Info: Output file is already uptodate.

<figs/gafrqres-eps-converted-to.pdf, id=512, 963.6pt x 664.4825pt>
File: figs/gafrqres-eps-converted-to.pdf Graphic file (type pdf)

<use figs/gafrqres-eps-converted-to.pdf> [7]) (./chap03.tex [8] [9 <./figs/flow
.pdf>] [10 <./figs/gtimr-eps-converted-to.pdf> <./figs/gafrqres-eps-converted-t
o.pdf>]
Chapter 3.
Package epstopdf Info: Source file: <figs/rescale.eps>
(epstopdf)                    date: 2012-07-14 09:40:30
(epstopdf)                    size: 7166 bytes
(epstopdf)             Output file: <figs/rescale-eps-converted-to.pdf>
(epstopdf)                    date: 2012-07-18 12:12:38
(epstopdf)                    size: 5676 bytes
(epstopdf)             Command: <epstopdf --outfile=figs/rescale-eps-converted-
to.pdf figs/rescale.eps>
(epstopdf)             \includegraphics on input line 11.
Package epstopdf Info: Output file is already uptodate.
<figs/rescale-eps-converted-to.pdf, id=572, 571.13374pt x 198.7425pt>
File: figs/rescale-eps-converted-to.pdf Graphic file (type pdf)

<use figs/rescale-eps-converted-to.pdf> [11

 <./figs/rescale-eps-converted-to.pdf>] [12] [13]
Package epstopdf Info: Source file: <figs/logler.eps>
(epstopdf)                    date: 2012-07-14 13:06:58
(epstopdf)                    size: 8943 bytes
(epstopdf)             Output file: <figs/logler-eps-converted-to.pdf>
(epstopdf)                    date: 2012-07-18 12:12:38
(epstopdf)                    size: 5761 bytes
(epstopdf)             Command: <epstopdf --outfile=figs/logler-eps-converted-t
o.pdf figs/logler.eps>
(epstopdf)             \includegraphics on input line 155.
Package epstopdf Info: Output file is already uptodate.

<figs/logler-eps-converted-to.pdf, id=611, 1028.84375pt x 471.7625pt>
File: figs/logler-eps-converted-to.pdf Graphic file (type pdf)

<use figs/logler-eps-converted-to.pdf>
Package epstopdf Info: Source file: <figs/ler.eps>
(epstopdf)                    date: 2012-06-25 17:17:17
(epstopdf)                    size: 9832 bytes
(epstopdf)             Output file: <figs/ler-eps-converted-to.pdf>
(epstopdf)                    date: 2012-07-18 12:12:38
(epstopdf)                    size: 7801 bytes
(epstopdf)             Command: <epstopdf --outfile=figs/ler-eps-converted-to.p
df figs/ler.eps>
(epstopdf)             \includegraphics on input line 162.
Package epstopdf Info: Output file is already uptodate.

<figs/ler-eps-converted-to.pdf, id=612, 1265.72874pt x 714.67pt>
File: figs/ler-eps-converted-to.pdf Graphic file (type pdf)

<use figs/ler-eps-converted-to.pdf>
Package epstopdf Info: Source file: <figs/testutt_mfcc.eps>
(epstopdf)                    date: 2012-06-19 22:43:03
(epstopdf)                    size: 22681 bytes
(epstopdf)             Output file: <figs/testutt_mfcc-eps-converted-to.pdf>
(epstopdf)                    date: 2012-06-19 22:52:16
(epstopdf)                    size: 15034 bytes
(epstopdf)             Command: <epstopdf --outfile=figs/testutt_mfcc-eps-conve
rted-to.pdf figs/testutt_mfcc.eps>
(epstopdf)             \includegraphics on input line 169.
Package epstopdf Info: Output file is already uptodate.

<figs/testutt_mfcc-eps-converted-to.pdf, id=613, 963.6pt x 694.595pt>
File: figs/testutt_mfcc-eps-converted-to.pdf Graphic file (type pdf)

<use figs/testutt_mfcc-eps-converted-to.pdf>
Package epstopdf Info: Source file: <figs/testutt.eps>
(epstopdf)                    date: 2012-06-19 22:38:14
(epstopdf)                    size: 23726 bytes
(epstopdf)             Output file: <figs/testutt-eps-converted-to.pdf>
(epstopdf)                    date: 2012-06-19 22:52:16
(epstopdf)                    size: 14757 bytes
(epstopdf)             Command: <epstopdf --outfile=figs/testutt-eps-converted-
to.pdf figs/testutt.eps>
(epstopdf)             \includegraphics on input line 176.
Package epstopdf Info: Output file is already uptodate.

<figs/testutt-eps-converted-to.pdf, id=614, 963.6pt x 677.53125pt>
File: figs/testutt-eps-converted-to.pdf Graphic file (type pdf)

<use figs/testutt-eps-converted-to.pdf> [14]) (./chap04.tex [15 <./figs/logler-
eps-converted-to.pdf>] [16 <./figs/ler-eps-converted-to.pdf> <./figs/testutt_mf
cc-eps-converted-to.pdf>] [17 <./figs/testutt-eps-converted-to.pdf>]
Chapter 4.
[18

]
Overfull \hbox (25.54814pt too wide) in paragraph at lines 37--45
\C70/bkai/m/n/12/6b Ô \OT1/ptm/m/n/12 (signal-to-noise ra-tio, SNR)\C70/bkai/bx
/n/12/ff ^^L \C70/bkai/bx/n/12/52 ^^F % \C70/bkai/m/n/12/70 º $\OMS/cmsy/m/n/12
 ^^@\OT1/cmr/m/n/12 5$\OT1/ptm/m/n/12 dB\C70/bkai/m/n/12/30 ^^A$\OT1/cmr/m/n/12
 0$\OT1/ptm/m/n/12 dB\C70/bkai/m/n/12/30 ^^A$\OT1/cmr/m/n/12 5$\OT1/ptm/m/n/12 
dB\C70/bkai/m/n/12/30 ^^A$\OT1/cmr/m/n/12 10$\OT1/ptm/m/n/12 dB\C70/bkai/m/n/12
/30 ^^A$\OT1/cmr/m/n/12 15$\OT1/ptm/m/n/12 dB\C70/bkai/m/n/12/30 ^^A$\OT1/cmr/m
/n/12 20$\OT1/ptm/m/n/12 dB \C70/bkai/bx/n/12/82 ^^G \OT1/ptm/m/n/12 clean \C70
/bkai/m/n/12/7b I \C70/bkai/bx/n/12/ff ^^L
 []

[19] [20]) (./chap05.tex [21] [22] [23] [24] [25] [26] [27]
Chapter 5.
) [28

] (./nsysuthesis.bbl [29] [30

] [31] [32]) [33] (./nsysuthesis.aux) ) 
Here is how much of TeX's memory you used:
 12174 strings out of 493848
 161944 string characters out of 1152824
 285858 words of memory out of 3000000
 14699 multiletter control sequences out of 15000+50000
 87067 words of font info for 266 fonts, out of 3000000 for 9000
 714 hyphenation exceptions out of 8191
 41i,18n,38p,478b,1702s stack positions out of 5000i,500n,10000p,200000b,50000s
{/usr/share/texmf-texlive/fonts/enc/dvip
s/base/8r.enc}</usr/share/texmf/fonts/type1/arphic/bkaiu/bkaiu30.pfb></usr/shar
e/texmf/fonts/type1/arphic/bkaiu/bkaiu4e.pfb></usr/share/texmf/fonts/type1/arph
ic/bkaiu/bkaiu4f.pfb></usr/share/texmf/fonts/type1/arphic/bkaiu/bkaiu50.pfb></u
sr/share/texmf/fonts/type1/arphic/bkaiu/bkaiu51.pfb></usr/share/texmf/fonts/typ
e1/arphic/bkaiu/bkaiu52.pfb></usr/share/texmf/fonts/type1/arphic/bkaiu/bkaiu53.
pfb></usr/share/texmf/fonts/type1/arphic/bkaiu/bkaiu54.pfb></usr/share/texmf/fo
nts/type1/arphic/bkaiu/bkaiu55.pfb></usr/share/texmf/fonts/type1/arphic/bkaiu/b
kaiu56.pfb></usr/share/texmf/fonts/type1/arphic/bkaiu/bkaiu57.pfb></usr/share/t
exmf/fonts/type1/arphic/bkaiu/bkaiu58.pfb></usr/share/texmf/fonts/type1/arphic/
bkaiu/bkaiu59.pfb></usr/share/texmf/fonts/type1/arphic/bkaiu/bkaiu5b.pfb></usr/
share/texmf/fonts/type1/arphic/bkaiu/bkaiu5c.pfb></usr/share/texmf/fonts/type1/
arphic/bkaiu/bkaiu5d.pfb></usr/share/texmf/fonts/type1/arphic/bkaiu/bkaiu5e.pfb
></usr/share/texmf/fonts/type1/arphic/bkaiu/bkaiu5f.pfb></usr/share/texmf/fonts
/type1/arphic/bkaiu/bkaiu60.pfb></usr/share/texmf/fonts/type1/arphic/bkaiu/bkai
u61.pfb></usr/share/texmf/fonts/type1/arphic/bkaiu/bkaiu62.pfb></usr/share/texm
f/fonts/type1/arphic/bkaiu/bkaiu63.pfb></usr/share/texmf/fonts/type1/arphic/bka
iu/bkaiu64.pfb></usr/share/texmf/fonts/type1/arphic/bkaiu/bkaiu65.pfb></usr/sha
re/texmf/fonts/type1/arphic/bkaiu/bkaiu66.pfb></usr/share/texmf/fonts/type1/arp
hic/bkaiu/bkaiu67.pfb></usr/share/texmf/fonts/type1/arphic/bkaiu/bkaiu68.pfb></
usr/share/texmf/fonts/type1/arphic/bkaiu/bkaiu69.pfb></usr/share/texmf/fonts/ty
pe1/arphic/bkaiu/bkaiu6a.pfb></usr/share/texmf/fonts/type1/arphic/bkaiu/bkaiu6b
.pfb></usr/share/texmf/fonts/type1/arphic/bkaiu/bkaiu6c.pfb></usr/share/texmf/f
onts/type1/arphic/bkaiu/bkaiu6d.pfb></usr/share/texmf/fonts/type1/arphic/bkaiu/
bkaiu6e.pfb></usr/share/texmf/fonts/type1/arphic/bkaiu/bkaiu6f.pfb></usr/share/
texmf/fonts/type1/arphic/bkaiu/bkaiu70.pfb></usr/share/texmf/fonts/type1/arphic
/bkaiu/bkaiu71.pfb></usr/share/texmf/fonts/type1/arphic/bkaiu/bkaiu72.pfb></usr
/share/texmf/fonts/type1/arphic/bkaiu/bkaiu73.pfb></usr/share/texmf/fonts/type1
/arphic/bkaiu/bkaiu74.pfb></usr/share/texmf/fonts/type1/arphic/bkaiu/bkaiu75.pf
b></usr/share/texmf/fonts/type1/arphic/bkaiu/bkaiu76.pfb></usr/share/texmf/font
s/type1/arphic/bkaiu/bkaiu77.pfb></usr/share/texmf/fonts/type1/arphic/bkaiu/bka
iu78.pfb></usr/share/texmf/fonts/type1/arphic/bkaiu/bkaiu79.pfb></usr/share/tex
mf/fonts/type1/arphic/bkaiu/bkaiu7a.pfb></usr/share/texmf/fonts/type1/arphic/bk
aiu/bkaiu7b.pfb></usr/share/texmf/fonts/type1/arphic/bkaiu/bkaiu7c.pfb></usr/sh
are/texmf/fonts/type1/arphic/bkaiu/bkaiu7d.pfb></usr/share/texmf/fonts/type1/ar
phic/bkaiu/bkaiu7e.pfb></usr/share/texmf/fonts/type1/arphic/bkaiu/bkaiu7f.pfb><
/usr/share/texmf/fonts/type1/arphic/bkaiu/bkaiu80.pfb></usr/share/texmf/fonts/t
ype1/arphic/bkaiu/bkaiu81.pfb></usr/share/texmf/fonts/type1/arphic/bkaiu/bkaiu8
2.pfb></usr/share/texmf/fonts/type1/arphic/bkaiu/bkaiu83.pfb></usr/share/texmf/
fonts/type1/arphic/bkaiu/bkaiu84.pfb></usr/share/texmf/fonts/type1/arphic/bkaiu
/bkaiu85.pfb></usr/share/texmf/fonts/type1/arphic/bkaiu/bkaiu86.pfb></usr/share
/texmf/fonts/type1/arphic/bkaiu/bkaiu87.pfb></usr/share/texmf/fonts/type1/arphi
c/bkaiu/bkaiu88.pfb></usr/share/texmf/fonts/type1/arphic/bkaiu/bkaiu89.pfb></us
r/share/texmf/fonts/type1/arphic/bkaiu/bkaiu8a.pfb></usr/share/texmf/fonts/type
1/arphic/bkaiu/bkaiu8b.pfb></usr/share/texmf/fonts/type1/arphic/bkaiu/bkaiu8c.p
fb></usr/share/texmf/fonts/type1/arphic/bkaiu/bkaiu8d.pfb></usr/share/texmf/fon
ts/type1/arphic/bkaiu/bkaiu8e.pfb></usr/share/texmf/fonts/type1/arphic/bkaiu/bk
aiu8f.pfb></usr/share/texmf/fonts/type1/arphic/bkaiu/bkaiu90.pfb></usr/share/te
xmf/fonts/type1/arphic/bkaiu/bkaiu91.pfb></usr/share/texmf/fonts/type1/arphic/b
kaiu/bkaiu92.pfb></usr/share/texmf/fonts/type1/arphic/bkaiu/bkaiu93.pfb></usr/s
hare/texmf/fonts/type1/arphic/bkaiu/bkaiu94.pfb></usr/share/texmf/fonts/type1/a
rphic/bkaiu/bkaiu95.pfb></usr/share/texmf/fonts/type1/arphic/bkaiu/bkaiu96.pfb>
</usr/share/texmf/fonts/type1/arphic/bkaiu/bkaiu97.pfb></usr/share/texmf/fonts/
type1/arphic/bkaiu/bkaiu98.pfb></usr/share/texmf/fonts/type1/arphic/bkaiu/bkaiu
99.pfb></usr/share/texmf/fonts/type1/arphic/bkaiu/bkaiu9a.pfb></usr/share/texmf
/fonts/type1/arphic/bkaiu/bkaiu9d.pfb></usr/share/texmf/fonts/type1/arphic/bkai
u/bkaiu9e.pfb></usr/share/texmf/fonts/type1/arphic/bkaiu/bkaiu9f.pfb></usr/shar
e/texmf/fonts/type1/arphic/bkaiu/bkaiuff.pfb></usr/share/texmf-texlive/fonts/ty
pe1/public/amsfonts/cm/cmex10.pfb></usr/share/texmf-texlive/fonts/type1/public/
amsfonts/cm/cmmi12.pfb></usr/share/texmf-texlive/fonts/type1/public/amsfonts/cm
/cmmi6.pfb></usr/share/texmf-texlive/fonts/type1/public/amsfonts/cm/cmmi8.pfb><
/usr/share/texmf-texlive/fonts/type1/public/amsfonts/cm/cmr12.pfb></usr/share/t
exmf-texlive/fonts/type1/public/amsfonts/cm/cmr6.pfb></usr/share/texmf-texlive/
fonts/type1/public/amsfonts/cm/cmr8.pfb></usr/share/texmf-texlive/fonts/type1/p
ublic/amsfonts/cm/cmsy10.pfb></usr/share/texmf-texlive/fonts/type1/public/amsfo
nts/cm/cmsy8.pfb></usr/share/texmf-texlive/fonts/type1/public/amsfonts/symbols/
msam10.pfb></usr/share/texmf-texlive/fonts/type1/urw/helvetic/uhvr8a.pfb></usr/
share/texmf-texlive/fonts/type1/urw/times/utmb8a.pfb></usr/share/texmf-texlive/
fonts/type1/urw/times/utmr8a.pfb></usr/share/texmf-texlive/fonts/type1/urw/time
s/utmri8a.pfb>
Output written on nsysuthesis.pdf (43 pages, 1523051 bytes).
PDF statistics:
 1083 PDF objects out of 1200 (max. 8388607)
 150 named destinations out of 1000 (max. 500000)
 588 words of extra memory for PDF output out of 10000 (max. 10000000)

