This file contains any messages produced by compilers while
running configure, to aid debugging if configure makes a mistake.

It was created by HTK configure 3.4, which was
generated by GNU Autoconf 2.59.  Invocation command line was

  $ ./configure 

## --------- ##
## Platform. ##
## --------- ##

hostname = fox
uname -m = i686
uname -r = 2.6.18-4-686
uname -s = Linux
uname -v = #1 SMP Mon Mar 26 17:17:36 UTC 2007

/usr/bin/uname -p = unknown
/bin/uname -X     = unknown

/bin/arch              = i686
/usr/bin/arch -k       = unknown
/usr/convex/getsysinfo = unknown
hostinfo               = unknown
/bin/machine           = unknown
/usr/bin/oslevel       = unknown
/bin/universe          = unknown

PATH: /usr/local/bin
PATH: /usr/bin
PATH: /bin
PATH: /usr/bin/X11
PATH: /usr/games
PATH: /usr/src/ns-allinone-2.31/bin
PATH: /usr/src/ns-allinone-2.31/tcl8.4.14/unix
PATH: /usr/src/ns-allinone-2.31/tk8.4.14/unix
PATH: /usr/src/htk/HTKTools
PATH: /usr/src/htk/HLMTools


## ----------- ##
## Core tests. ##
## ----------- ##

configure:1330: checking whether make sets $(MAKE)
configure:1350: result: yes
configure:1363: checking for gawk
configure:1379: found /usr/bin/gawk
configure:1389: result: gawk
configure:1445: checking for gcc
configure:1461: found /usr/bin/gcc
configure:1471: result: gcc
configure:1715: checking for C compiler version
configure:1718: gcc --version </dev/null >&5
gcc (GCC) 4.1.2 20061115 (prerelease) (Debian 4.1.1-21)
Copyright (C) 2006 Free Software Foundation, Inc.
This is free software; see the source for copying conditions.  There is NO
warranty; not even for MERCHANTABILITY or FITNESS FOR A PARTICULAR PURPOSE.

configure:1721: $? = 0
configure:1723: gcc -v </dev/null >&5
Using built-in specs.
Target: i486-linux-gnu
Configured with: ../src/configure -v --enable-languages=c,c++,fortran,objc,obj-c++,treelang --prefix=/usr --enable-shared --with-system-zlib --libexecdir=/usr/lib --without-included-gettext --enable-threads=posix --enable-nls --program-suffix=-4.1 --enable-__cxa_atexit --enable-clocale=gnu --enable-libstdcxx-debug --enable-mpfr --with-tune=i686 --enable-checking=release i486-linux-gnu
Thread model: posix
gcc version 4.1.2 20061115 (prerelease) (Debian 4.1.1-21)
configure:1726: $? = 0
configure:1728: gcc -V </dev/null >&5
gcc: '-V' option must have argument
configure:1731: $? = 1
configure:1754: checking for C compiler default output file name
configure:1757: gcc    conftest.c  >&5
/usr/bin/ld: crt1.o: No such file: No such file or directory
collect2: ld returned 1 exit status
configure:1760: $? = 1
configure: failed program was:
| /* confdefs.h.  */
| 
| #define PACKAGE_NAME "HTK"
| #define PACKAGE_TARNAME "htk"
| #define PACKAGE_VERSION "3.4"
| #define PACKAGE_STRING "HTK 3.4"
| #define PACKAGE_BUGREPORT "htk-mgr@eng.cam.ac.uk"
| /* end confdefs.h.  */
| 
| int
| main ()
| {
| 
|   ;
|   return 0;
| }
configure:1799: error: C compiler cannot create executables
See `config.log' for more details.

## ---------------- ##
## Cache variables. ##
## ---------------- ##

ac_cv_env_CC_set=
ac_cv_env_CC_value=
ac_cv_env_CFLAGS_set=
ac_cv_env_CFLAGS_value=
ac_cv_env_CPPFLAGS_set=
ac_cv_env_CPPFLAGS_value=
ac_cv_env_CPP_set=
ac_cv_env_CPP_value=
ac_cv_env_LDFLAGS_set=
ac_cv_env_LDFLAGS_value=
ac_cv_env_build_alias_set=
ac_cv_env_build_alias_value=
ac_cv_env_host_alias_set=
ac_cv_env_host_alias_value=
ac_cv_env_target_alias_set=
ac_cv_env_target_alias_value=
ac_cv_prog_AWK=gawk
ac_cv_prog_ac_ct_CC=gcc
ac_cv_prog_make_make_set=yes

## ----------------- ##
## Output variables. ##
## ----------------- ##

AWK='gawk'
BINARY_EXTENSION=''
CC='gcc'
CFLAGS=''
CPP=''
CPPFLAGS=''
DEFS=''
ECHO_C=''
ECHO_N='-n'
ECHO_T=''
EGREP=''
EXEEXT=''
HGRAF=''
HSLAB=''
INSTALL_DATA=''
INSTALL_PROGRAM=''
INSTALL_SCRIPT=''
LDFLAGS=''
LIBOBJS=''
LIBS=''
LN_S=''
LTLIBOBJS=''
OBJEXT=''
PACKAGE_BUGREPORT='htk-mgr@eng.cam.ac.uk'
PACKAGE_NAME='HTK'
PACKAGE_STRING='HTK 3.4'
PACKAGE_TARNAME='htk'
PACKAGE_VERSION='3.4'
PATH_SEPARATOR=':'
POW_LIB=''
RANLIB=''
SET_MAKE=''
SHELL='/bin/sh'
TRADHTK=''
TRADHTKBIN=''
ac_ct_CC='gcc'
ac_ct_RANLIB=''
bindir='${exec_prefix}/bin'
build=''
build_alias=''
build_cpu=''
build_os=''
build_vendor=''
datadir='${prefix}/share'
exec_prefix='NONE'
host=''
host_alias=''
host_cpu=''
host_os=''
host_vendor=''
includedir='${prefix}/include'
infodir='${prefix}/info'
libdir='${exec_prefix}/lib'
libexecdir='${exec_prefix}/libexec'
localstatedir='${prefix}/var'
make_all=''
make_install=''
mandir='${prefix}/man'
oldincludedir='/usr/include'
prefix='NONE'
program_transform_name='s,x,x,'
sbindir='${exec_prefix}/sbin'
sharedstatedir='${prefix}/com'
sysconfdir='${prefix}/etc'
target_alias=''

## ----------- ##
## confdefs.h. ##
## ----------- ##

#define PACKAGE_BUGREPORT "htk-mgr@eng.cam.ac.uk"
#define PACKAGE_NAME "HTK"
#define PACKAGE_STRING "HTK 3.4"
#define PACKAGE_TARNAME "htk"
#define PACKAGE_VERSION "3.4"

configure: exit 77
