This is pdfTeX, Version 3.1415926-1.40.9 (MiKTeX 2.7) (preloaded format=pdflatex 2009.4.5)  7 APR 2009 15:26
entering extended mode
**nsysuthesis
(nsysuthesis.tex
LaTeX2e <2005/12/01>
Babel <v3.8l> and hyphenation patterns for english, dumylang, nohyphenation, ge
rman, ngerman, german-x-2008-06-18, ngerman-x-2008-06-18, french, loaded.
("C:\Program Files\MiKTeX 2.7\tex\latex\base\report.cls"
Document Class: report 2005/09/16 v1.4f Standard LaTeX document class
("C:\Program Files\MiKTeX 2.7\tex\latex\base\size12.clo"
File: size12.clo 2005/09/16 v1.4f Standard LaTeX file (size option)
)
\c@part=\count79
\c@chapter=\count80
\c@section=\count81
\c@subsection=\count82
\c@subsubsection=\count83
\c@paragraph=\count84
\c@subparagraph=\count85
\c@figure=\count86
\c@table=\count87
\abovecaptionskip=\skip41
\belowcaptionskip=\skip42
\bibindent=\dimen102
) (nsysuthesis.sty
**********************************************************
** Dept. of Computer Science and Engineering, NSYSU 
** version 2.1nsysucse, January 2008, by M. C. Chiang 
** version 2.0nsysucse, July 2007, by M. C. Chiang 
** version 1.9nsysucse, July 2006, by M. C. Chiang 
** version 1.8nsysucse, January 2006, by M. C. Chiang 
** version 1.7nsysucse, December 2005, by M. C. Chiang 
** version 1.6nsysucse, November 2005, by M. C. Chiang 
** 
** Dep. of BioMedical Informatics, Columbia University 
** version 1.3, January 2003, by M. Krauthammer 
** 
** Department of Computer Science, Columbia University 
** version 1.2cucs, February 1997, by Shu-Wie F Chen 
** version 1.1cucs, September 1996, by Shu-Wie F Chen 
** version 1.0cucs, August 1994,by Erez Zadok 
** based on version version 1.0, April 1994 
** Written by Dinesh Das 
** Dept. of Computer Sciences 
** The University of Texas at Austin 
**********************************************************
\hour=\count88
\minute=\count89
\wwwy=\count90
\wwwm=\count91
\wwwd=\count92
\wwwc=\count93
\wwwt=\count94
\wwws=\count95
) ("C:\Program Files\MiKTeX 2.7\tex\latex\cjk\CJKutf8.sty"
Package: CJKutf8 2008/12/29 4.8.2

("C:\Program Files\MiKTeX 2.7\tex\generic\oberdiek\ifpdf.sty"
Package: ifpdf 2007/12/12 v1.6 Provides the ifpdf switch (HO)
Package ifpdf Info: pdfTeX in pdf mode detected.
)
("C:\Program Files\MiKTeX 2.7\tex\latex\base\inputenc.sty"
Package: inputenc 2006/05/05 v1.1b Input encoding file
\inpenc@prehook=\toks14
\inpenc@posthook=\toks15

("C:\Program Files\MiKTeX 2.7\tex\latex\base\utf8.def"
File: utf8.def 2006/03/30 v1.1i UTF-8 support for inputenc
Now handling font encoding OML ...
... no UTF-8 mapping file for font encoding OML
Now handling font encoding T1 ...
... processing UTF-8 mapping file for font encodingT1

("C:\Program Files\MiKTeX 2.7\tex\latex\base\t1enc.dfu"
File: t1enc.dfu 2006/03/30 v1.1i UTF-8 support for inputenc
   defining Unicode char U+00A1 (decimal 161)
   defining Unicode char U+00A3 (decimal 163)
   defining Unicode char U+00AB (decimal 171)
   defining Unicode char U+00BB (decimal 187)
   defining Unicode char U+00BF (decimal 191)
   defining Unicode char U+00C0 (decimal 192)
   defining Unicode char U+00C1 (decimal 193)
   defining Unicode char U+00C2 (decimal 194)
   defining Unicode char U+00C3 (decimal 195)
   defining Unicode char U+00C4 (decimal 196)
   defining Unicode char U+00C5 (decimal 197)
   defining Unicode char U+00C6 (decimal 198)
   defining Unicode char U+00C7 (decimal 199)
   defining Unicode char U+00C8 (decimal 200)
   defining Unicode char U+00C9 (decimal 201)
   defining Unicode char U+00CA (decimal 202)
   defining Unicode char U+00CB (decimal 203)
   defining Unicode char U+00CC (decimal 204)
   defining Unicode char U+00CD (decimal 205)
   defining Unicode char U+00CE (decimal 206)
   defining Unicode char U+00CF (decimal 207)
   defining Unicode char U+00D0 (decimal 208)
   defining Unicode char U+00D1 (decimal 209)
   defining Unicode char U+00D2 (decimal 210)
   defining Unicode char U+00D3 (decimal 211)
   defining Unicode char U+00D4 (decimal 212)
   defining Unicode char U+00D5 (decimal 213)
   defining Unicode char U+00D6 (decimal 214)
   defining Unicode char U+00D8 (decimal 216)
   defining Unicode char U+00D9 (decimal 217)
   defining Unicode char U+00DA (decimal 218)
   defining Unicode char U+00DB (decimal 219)
   defining Unicode char U+00DC (decimal 220)
   defining Unicode char U+00DD (decimal 221)
   defining Unicode char U+00DE (decimal 222)
   defining Unicode char U+00DF (decimal 223)
   defining Unicode char U+00E0 (decimal 224)
   defining Unicode char U+00E1 (decimal 225)
   defining Unicode char U+00E2 (decimal 226)
   defining Unicode char U+00E3 (decimal 227)
   defining Unicode char U+00E4 (decimal 228)
   defining Unicode char U+00E5 (decimal 229)
   defining Unicode char U+00E6 (decimal 230)
   defining Unicode char U+00E7 (decimal 231)
   defining Unicode char U+00E8 (decimal 232)
   defining Unicode char U+00E9 (decimal 233)
   defining Unicode char U+00EA (decimal 234)
   defining Unicode char U+00EB (decimal 235)
   defining Unicode char U+00EC (decimal 236)
   defining Unicode char U+00ED (decimal 237)
   defining Unicode char U+00EE (decimal 238)
   defining Unicode char U+00EF (decimal 239)
   defining Unicode char U+00F0 (decimal 240)
   defining Unicode char U+00F1 (decimal 241)
   defining Unicode char U+00F2 (decimal 242)
   defining Unicode char U+00F3 (decimal 243)
   defining Unicode char U+00F4 (decimal 244)
   defining Unicode char U+00F5 (decimal 245)
   defining Unicode char U+00F6 (decimal 246)
   defining Unicode char U+00F8 (decimal 248)
   defining Unicode char U+00F9 (decimal 249)
   defining Unicode char U+00FA (decimal 250)
   defining Unicode char U+00FB (decimal 251)
   defining Unicode char U+00FC (decimal 252)
   defining Unicode char U+00FD (decimal 253)
   defining Unicode char U+00FE (decimal 254)
   defining Unicode char U+00FF (decimal 255)
   defining Unicode char U+0102 (decimal 258)
   defining Unicode char U+0103 (decimal 259)
   defining Unicode char U+0104 (decimal 260)
   defining Unicode char U+0105 (decimal 261)
   defining Unicode char U+0106 (decimal 262)
   defining Unicode char U+0107 (decimal 263)
   defining Unicode char U+010C (decimal 268)
   defining Unicode char U+010D (decimal 269)
   defining Unicode char U+010E (decimal 270)
   defining Unicode char U+010F (decimal 271)
   defining Unicode char U+0110 (decimal 272)
   defining Unicode char U+0111 (decimal 273)
   defining Unicode char U+0118 (decimal 280)
   defining Unicode char U+0119 (decimal 281)
   defining Unicode char U+011A (decimal 282)
   defining Unicode char U+011B (decimal 283)
   defining Unicode char U+011E (decimal 286)
   defining Unicode char U+011F (decimal 287)
   defining Unicode char U+0130 (decimal 304)
   defining Unicode char U+0131 (decimal 305)
   defining Unicode char U+0132 (decimal 306)
   defining Unicode char U+0133 (decimal 307)
   defining Unicode char U+0139 (decimal 313)
   defining Unicode char U+013A (decimal 314)
   defining Unicode char U+013D (decimal 317)
   defining Unicode char U+013E (decimal 318)
   defining Unicode char U+0141 (decimal 321)
   defining Unicode char U+0142 (decimal 322)
   defining Unicode char U+0143 (decimal 323)
   defining Unicode char U+0144 (decimal 324)
   defining Unicode char U+0147 (decimal 327)
   defining Unicode char U+0148 (decimal 328)
   defining Unicode char U+014A (decimal 330)
   defining Unicode char U+014B (decimal 331)
   defining Unicode char U+0150 (decimal 336)
   defining Unicode char U+0151 (decimal 337)
   defining Unicode char U+0152 (decimal 338)
   defining Unicode char U+0153 (decimal 339)
   defining Unicode char U+0154 (decimal 340)
   defining Unicode char U+0155 (decimal 341)
   defining Unicode char U+0158 (decimal 344)
   defining Unicode char U+0159 (decimal 345)
   defining Unicode char U+015A (decimal 346)
   defining Unicode char U+015B (decimal 347)
   defining Unicode char U+015E (decimal 350)
   defining Unicode char U+015F (decimal 351)
   defining Unicode char U+0160 (decimal 352)
   defining Unicode char U+0161 (decimal 353)
   defining Unicode char U+0162 (decimal 354)
   defining Unicode char U+0163 (decimal 355)
   defining Unicode char U+0164 (decimal 356)
   defining Unicode char U+0165 (decimal 357)
   defining Unicode char U+016E (decimal 366)
   defining Unicode char U+016F (decimal 367)
   defining Unicode char U+0170 (decimal 368)
   defining Unicode char U+0171 (decimal 369)
   defining Unicode char U+0178 (decimal 376)
   defining Unicode char U+0179 (decimal 377)
   defining Unicode char U+017A (decimal 378)
   defining Unicode char U+017B (decimal 379)
   defining Unicode char U+017C (decimal 380)
   defining Unicode char U+017D (decimal 381)
   defining Unicode char U+017E (decimal 382)
   defining Unicode char U+200C (decimal 8204)
   defining Unicode char U+2013 (decimal 8211)
   defining Unicode char U+2014 (decimal 8212)
   defining Unicode char U+2018 (decimal 8216)
   defining Unicode char U+2019 (decimal 8217)
   defining Unicode char U+201A (decimal 8218)
   defining Unicode char U+201C (decimal 8220)
   defining Unicode char U+201D (decimal 8221)
   defining Unicode char U+201E (decimal 8222)
   defining Unicode char U+2030 (decimal 8240)
   defining Unicode char U+2031 (decimal 8241)
   defining Unicode char U+2039 (decimal 8249)
   defining Unicode char U+203A (decimal 8250)
   defining Unicode char U+2423 (decimal 9251)
)
Now handling font encoding OT1 ...
... processing UTF-8 mapping file for font encodingOT1

("C:\Program Files\MiKTeX 2.7\tex\latex\base\ot1enc.dfu"
File: ot1enc.dfu 2006/03/30 v1.1i UTF-8 support for inputenc
   defining Unicode char U+00A1 (decimal 161)
   defining Unicode char U+00A3 (decimal 163)
   defining Unicode char U+00B8 (decimal 184)
   defining Unicode char U+00BF (decimal 191)
   defining Unicode char U+00C5 (decimal 197)
   defining Unicode char U+00C6 (decimal 198)
   defining Unicode char U+00D8 (decimal 216)
   defining Unicode char U+00DF (decimal 223)
   defining Unicode char U+00E6 (decimal 230)
   defining Unicode char U+00EC (decimal 236)
   defining Unicode char U+00ED (decimal 237)
   defining Unicode char U+00EE (decimal 238)
   defining Unicode char U+00EF (decimal 239)
   defining Unicode char U+00F8 (decimal 248)
   defining Unicode char U+0131 (decimal 305)
   defining Unicode char U+0141 (decimal 321)
   defining Unicode char U+0142 (decimal 322)
   defining Unicode char U+0152 (decimal 338)
   defining Unicode char U+0153 (decimal 339)
   defining Unicode char U+2013 (decimal 8211)
   defining Unicode char U+2014 (decimal 8212)
   defining Unicode char U+2018 (decimal 8216)
   defining Unicode char U+2019 (decimal 8217)
   defining Unicode char U+201C (decimal 8220)
   defining Unicode char U+201D (decimal 8221)
)
Now handling font encoding OMS ...
... processing UTF-8 mapping file for font encodingOMS

("C:\Program Files\MiKTeX 2.7\tex\latex\base\omsenc.dfu"
File: omsenc.dfu 2006/03/30 v1.1i UTF-8 support for inputenc
   defining Unicode char U+00A7 (decimal 167)
   defining Unicode char U+00B6 (decimal 182)
   defining Unicode char U+00B7 (decimal 183)
   defining Unicode char U+2020 (decimal 8224)
   defining Unicode char U+2021 (decimal 8225)
   defining Unicode char U+2022 (decimal 8226)
)
Now handling font encoding OMX ...
... no UTF-8 mapping file for font encoding OMX
Now handling font encoding U ...
... no UTF-8 mapping file for font encoding U
   defining Unicode char U+00A9 (decimal 169)
   defining Unicode char U+00AA (decimal 170)
   defining Unicode char U+00AE (decimal 174)
   defining Unicode char U+00BA (decimal 186)
   defining Unicode char U+02C6 (decimal 710)
   defining Unicode char U+02DC (decimal 732)
   defining Unicode char U+200C (decimal 8204)
   defining Unicode char U+2026 (decimal 8230)
   defining Unicode char U+2122 (decimal 8482)
   defining Unicode char U+2423 (decimal 9251)
))
("C:\Program Files\MiKTeX 2.7\tex\latex\cjk\CJK.sty"
Package: CJK 2008/12/29 4.8.2

("C:\Program Files\MiKTeX 2.7\tex\latex\cjk\mule\MULEenc.sty"
Package: MULEenc 2008/12/29 4.8.2
)
("C:\Program Files\MiKTeX 2.7\tex\latex\cjk\CJK.enc"
File: CJK.enc 2008/12/29 4.8.2
Now handling font encoding C00 ...
... no UTF-8 mapping file for font encoding C00
Now handling font encoding C05 ...
... no UTF-8 mapping file for font encoding C05
Now handling font encoding C09 ...
... no UTF-8 mapping file for font encoding C09
Now handling font encoding C10 ...
... no UTF-8 mapping file for font encoding C10
Now handling font encoding C20 ...
... no UTF-8 mapping file for font encoding C20
Now handling font encoding C19 ...
... no UTF-8 mapping file for font encoding C19
Now handling font encoding C40 ...
... no UTF-8 mapping file for font encoding C40
Now handling font encoding C42 ...
... no UTF-8 mapping file for font encoding C42
Now handling font encoding C43 ...
... no UTF-8 mapping file for font encoding C43
Now handling font encoding C50 ...
... no UTF-8 mapping file for font encoding C50
Now handling font encoding C52 ...
... no UTF-8 mapping file for font encoding C52
Now handling font encoding C49 ...
... no UTF-8 mapping file for font encoding C49
Now handling font encoding C60 ...
... no UTF-8 mapping file for font encoding C60
Now handling font encoding C61 ...
... no UTF-8 mapping file for font encoding C61
Now handling font encoding C63 ...
... no UTF-8 mapping file for font encoding C63
Now handling font encoding C64 ...
... no UTF-8 mapping file for font encoding C64
Now handling font encoding C65 ...
... no UTF-8 mapping file for font encoding C65
Now handling font encoding C70 ...
... no UTF-8 mapping file for font encoding C70
Now handling font encoding C31 ...
... no UTF-8 mapping file for font encoding C31
Now handling font encoding C32 ...
... no UTF-8 mapping file for font encoding C32
Now handling font encoding C33 ...
... no UTF-8 mapping file for font encoding C33
Now handling font encoding C34 ...
... no UTF-8 mapping file for font encoding C34
Now handling font encoding C35 ...
... no UTF-8 mapping file for font encoding C35
Now handling font encoding C36 ...
... no UTF-8 mapping file for font encoding C36
Now handling font encoding C37 ...
... no UTF-8 mapping file for font encoding C37
Now handling font encoding C80 ...
... no UTF-8 mapping file for font encoding C80
Now handling font encoding C81 ...
... no UTF-8 mapping file for font encoding C81
Now handling font encoding C01 ...
... no UTF-8 mapping file for font encoding C01
Now handling font encoding C11 ...
... no UTF-8 mapping file for font encoding C11
Now handling font encoding C21 ...
... no UTF-8 mapping file for font encoding C21
Now handling font encoding C41 ...
... no UTF-8 mapping file for font encoding C41
Now handling font encoding C62 ...
... no UTF-8 mapping file for font encoding C62
)
LaTeX Info: Redefining \selectfont on input line 756.
\CJK@indent=\box26
)
("C:\Program Files\MiKTeX 2.7\tex\latex\base\fontenc.sty"
Package: fontenc 2005/09/27 v1.99g Standard LaTeX package
))
("C:\Program Files\MiKTeX 2.7\tex\latex\psnfss\times.sty"
Package: times 2005/04/12 PSNFSS-v9.2a (SPQR) 
)
("C:\Program Files\MiKTeX 2.7\tex\latex\graphics\graphicx.sty"
Package: graphicx 1999/02/16 v1.0f Enhanced LaTeX Graphics (DPC,SPQR)

("C:\Program Files\MiKTeX 2.7\tex\latex\graphics\keyval.sty"
Package: keyval 1999/03/16 v1.13 key=value parser (DPC)
\KV@toks@=\toks16
)
("C:\Program Files\MiKTeX 2.7\tex\latex\graphics\graphics.sty"
Package: graphics 2006/02/20 v1.0o Standard LaTeX Graphics (DPC,SPQR)

("C:\Program Files\MiKTeX 2.7\tex\latex\graphics\trig.sty"
Package: trig 1999/03/16 v1.09 sin cos tan (DPC)
)
("C:\Program Files\MiKTeX 2.7\tex\latex\00miktex\graphics.cfg"
File: graphics.cfg 2007/01/18 v1.5 graphics configuration of teTeX/TeXLive
)
Package graphics Info: Driver file: pdftex.def on input line 90.

("C:\Program Files\MiKTeX 2.7\tex\latex\pdftex-def\pdftex.def"
File: pdftex.def 2008/09/08 v0.04l Graphics/color for pdfTeX
\Gread@gobject=\count96
))
\Gin@req@height=\dimen103
\Gin@req@width=\dimen104
)
("C:\Program Files\MiKTeX 2.7\tex\latex\hyperref\hyperref.sty"
Package: hyperref 2008/11/18 v6.78m Hypertext links for LaTeX

("C:\Program Files\MiKTeX 2.7\tex\generic\oberdiek\ifvtex.sty"
Package: ifvtex 2008/11/04 v1.4 Switches for detecting VTeX and its modes (HO)
Package ifvtex Info: VTeX not detected.
)
("C:\Program Files\MiKTeX 2.7\tex\generic\ifxetex\ifxetex.sty"
Package: ifxetex 2008/09/18 v0.4 Provides ifxetex conditional
)
("C:\Program Files\MiKTeX 2.7\tex\latex\oberdiek\hycolor.sty"
Package: hycolor 2008/09/08 v1.4 Code for color options of hyperref/bookmark (H
O)

("C:\Program Files\MiKTeX 2.7\tex\latex\oberdiek\xcolor-patch.sty"
Package: xcolor-patch 2008/09/08 xcolor patch
))
\@linkdim=\dimen105
\Hy@linkcounter=\count97
\Hy@pagecounter=\count98

("C:\Program Files\MiKTeX 2.7\tex\latex\hyperref\pd1enc.def"
File: pd1enc.def 2008/11/18 v6.78m Hyperref: PDFDocEncoding definition (HO)
Now handling font encoding PD1 ...
... no UTF-8 mapping file for font encoding PD1
)
("C:\Program Files\MiKTeX 2.7\tex\generic\oberdiek\etexcmds.sty"
Package: etexcmds 2007/12/12 v1.2 Prefix for e-TeX command names (HO)

("C:\Program Files\MiKTeX 2.7\tex\generic\oberdiek\infwarerr.sty"
Package: infwarerr 2007/09/09 v1.2 Providing info/warning/message (HO)
)
Package etexcmds Info: Could not find \expanded.
(etexcmds)             That can mean that you are not using pdfTeX 1.50 or
(etexcmds)             that some package has redefined \expanded.
(etexcmds)             In the latter case, load this package earlier.
)
("C:\Program Files\MiKTeX 2.7\tex\latex\00miktex\hyperref.cfg"
File: hyperref.cfg 2002/06/06 v1.2 hyperref configuration of TeXLive
)
("C:\Program Files\MiKTeX 2.7\tex\latex\oberdiek\kvoptions.sty"
Package: kvoptions 2007/10/18 v3.0 Keyval support for LaTeX options (HO)
)
Package hyperref Info: Option `unicode' set `true' on input line 2796.

("C:\Program Files\MiKTeX 2.7\tex\latex\hyperref\puenc.def"
File: puenc.def 2008/11/18 v6.78m Hyperref: PDF Unicode definition (HO)
Now handling font encoding PU ...
... no UTF-8 mapping file for font encoding PU
)
Package hyperref Info: Option `plainpages' set `false' on input line 2796.
Package hyperref Info: Option `bookmarksnumbered' set `true' on input line 2796
.
Package hyperref Info: Hyper figures OFF on input line 2907.
Package hyperref Info: Link nesting OFF on input line 2912.
Package hyperref Info: Hyper index ON on input line 2915.
Package hyperref Info: Plain pages OFF on input line 2922.
Package hyperref Info: Backreferencing OFF on input line 2927.

Implicit mode ON; LaTeX internals redefined
Package hyperref Info: Bookmarks ON on input line 3117.
("C:\Program Files\MiKTeX 2.7\tex\latex\ltxmisc\url.sty"
\Urlmuskip=\muskip10
Package: url 2006/04/12  ver 3.3  Verb mode for urls, etc.
)
LaTeX Info: Redefining \url on input line 3351.

("C:\Program Files\MiKTeX 2.7\tex\generic\oberdiek\bitset.sty"
Package: bitset 2007/09/28 v1.0 Data type bit set (HO)

("C:\Program Files\MiKTeX 2.7\tex\generic\oberdiek\intcalc.sty"
Package: intcalc 2007/09/27 v1.1 Expandable integer calculations (HO)
)
("C:\Program Files\MiKTeX 2.7\tex\generic\oberdiek\bigintcalc.sty"
Package: bigintcalc 2007/11/11 v1.1 Expandable big integer calculations (HO)

("C:\Program Files\MiKTeX 2.7\tex\generic\oberdiek\pdftexcmds.sty"
Package: pdftexcmds 2007/12/12 v0.3 LuaTeX support for pdfTeX utility functions
 (HO)
Package pdftexcmds Info: LuaTeX not detected on input line 139.
)))
("C:\Program Files\MiKTeX 2.7\tex\generic\oberdiek\kvsetkeys.sty"
Package: kvsetkeys 2007/09/29 v1.3 Key value parser with default handler suppor
t (HO)
)
\Fld@menulength=\count99
\Field@Width=\dimen106
\Fld@charsize=\dimen107
\Field@toks=\toks17
Package hyperref Info: Hyper figures OFF on input line 4268.
Package hyperref Info: Link nesting OFF on input line 4273.
Package hyperref Info: Hyper index ON on input line 4276.
Package hyperref Info: backreferencing OFF on input line 4283.
Package hyperref Info: Link coloring OFF on input line 4288.
Package hyperref Info: Link coloring with OCG OFF on input line 4293.
Package hyperref Info: PDF/A mode OFF on input line 4298.

("C:\Program Files\MiKTeX 2.7\tex\generic\oberdiek\atbegshi.sty"
Package: atbegshi 2008/07/31 v1.9 At begin shipout hook (HO)
)
\Hy@abspage=\count100
\c@Item=\count101
\c@Hfootnote=\count102
)
*hyperref using driver hpdftex*
("C:\Program Files\MiKTeX 2.7\tex\latex\hyperref\hpdftex.def"
File: hpdftex.def 2008/11/18 v6.78m Hyperref driver for pdfTeX
\Fld@listcount=\count103
)
("C:\Program Files\MiKTeX 2.7\tex\latex\graphics\color.sty"
Package: color 2005/11/14 v1.0j Standard LaTeX Color (DPC)

("C:\Program Files\MiKTeX 2.7\tex\latex\00miktex\color.cfg"
File: color.cfg 2007/01/18 v1.5 color configuration of teTeX/TeXLive
)
Package color Info: Driver file: pdftex.def on input line 130.
) (lstset.tex
("C:\Program Files\MiKTeX 2.7\tex\latex\listings\listings.sty"
\lst@mode=\count104
\lst@gtempboxa=\box27
\lst@token=\toks18
\lst@length=\count105
\lst@currlwidth=\dimen108
\lst@column=\count106
\lst@pos=\count107
\lst@lostspace=\dimen109
\lst@width=\dimen110
\lst@newlines=\count108
\lst@lineno=\count109
\lst@maxwidth=\dimen111

("C:\Program Files\MiKTeX 2.7\tex\latex\listings\lstmisc.sty"
File: lstmisc.sty 2007/02/22 1.4 (Carsten Heinz)
\c@lstnumber=\count110
\lst@skipnumbers=\count111
\lst@framebox=\box28
)
("C:\Program Files\MiKTeX 2.7\tex\latex\listings\listings.cfg"
File: listings.cfg 2007/02/22 1.4 listings configuration
))
Package: listings 2007/02/22 1.4 (Carsten Heinz)

("C:\Program Files\MiKTeX 2.7\tex\latex\listings\lstlang1.sty"
File: lstlang1.sty 2004/09/05 1.3 listings language file
)
("C:\Program Files\MiKTeX 2.7\tex\latex\listings\lstlang1.sty"
File: lstlang1.sty 2004/09/05 1.3 listings language file
)
("C:\Program Files\MiKTeX 2.7\tex\latex\listings\lstmisc.sty"
File: lstmisc.sty 2007/02/22 1.4 (Carsten Heinz)
)) (macros.tex)
(nsysuthesis.aux

LaTeX Warning: Label `eq:ins' multiply defined.

)
LaTeX Font Info:    Checking defaults for OML/cmm/m/it on input line 47.
LaTeX Font Info:    ... okay on input line 47.
LaTeX Font Info:    Checking defaults for T1/cmr/m/n on input line 47.
LaTeX Font Info:    ... okay on input line 47.
LaTeX Font Info:    Checking defaults for OT1/cmr/m/n on input line 47.
LaTeX Font Info:    ... okay on input line 47.
LaTeX Font Info:    Checking defaults for OMS/cmsy/m/n on input line 47.
LaTeX Font Info:    ... okay on input line 47.
LaTeX Font Info:    Checking defaults for OMX/cmex/m/n on input line 47.
LaTeX Font Info:    ... okay on input line 47.
LaTeX Font Info:    Checking defaults for U/cmr/m/n on input line 47.
LaTeX Font Info:    ... okay on input line 47.
LaTeX Font Info:    Checking defaults for C00/song/m/n on input line 47.
LaTeX Font Info:    ... okay on input line 47.
LaTeX Font Info:    Checking defaults for C05/song/m/n on input line 47.
LaTeX Font Info:    ... okay on input line 47.
LaTeX Font Info:    Checking defaults for C09/song/m/n on input line 47.
LaTeX Font Info:    ... okay on input line 47.
LaTeX Font Info:    Checking defaults for C10/song/m/n on input line 47.
LaTeX Font Info:    ... okay on input line 47.
LaTeX Font Info:    Checking defaults for C20/song/m/n on input line 47.
LaTeX Font Info:    ... okay on input line 47.
LaTeX Font Info:    Checking defaults for C19/song/m/n on input line 47.
LaTeX Font Info:    ... okay on input line 47.
LaTeX Font Info:    Checking defaults for C40/song/m/n on input line 47.
LaTeX Font Info:    ... okay on input line 47.
LaTeX Font Info:    Checking defaults for C42/song/m/n on input line 47.
LaTeX Font Info:    ... okay on input line 47.
LaTeX Font Info:    Checking defaults for C43/song/m/n on input line 47.
LaTeX Font Info:    ... okay on input line 47.
LaTeX Font Info:    Checking defaults for C50/song/m/n on input line 47.
LaTeX Font Info:    ... okay on input line 47.
LaTeX Font Info:    Checking defaults for C52/song/m/n on input line 47.
LaTeX Font Info:    ... okay on input line 47.
LaTeX Font Info:    Checking defaults for C49/song/m/n on input line 47.
LaTeX Font Info:    ... okay on input line 47.
LaTeX Font Info:    Checking defaults for C60/mj/m/n on input line 47.
LaTeX Font Info:    ... okay on input line 47.
LaTeX Font Info:    Checking defaults for C61/mj/m/n on input line 47.
LaTeX Font Info:    ... okay on input line 47.
LaTeX Font Info:    Checking defaults for C63/mj/m/n on input line 47.
LaTeX Font Info:    ... okay on input line 47.
LaTeX Font Info:    Checking defaults for C64/mj/m/n on input line 47.
LaTeX Font Info:    ... okay on input line 47.
LaTeX Font Info:    Checking defaults for C65/mj/m/n on input line 47.
LaTeX Font Info:    ... okay on input line 47.
LaTeX Font Info:    Checking defaults for C70/song/m/n on input line 47.
LaTeX Font Info:    ... okay on input line 47.
LaTeX Font Info:    Checking defaults for C31/song/m/n on input line 47.
LaTeX Font Info:    ... okay on input line 47.
LaTeX Font Info:    Checking defaults for C32/song/m/n on input line 47.
LaTeX Font Info:    ... okay on input line 47.
LaTeX Font Info:    Checking defaults for C33/song/m/n on input line 47.
LaTeX Font Info:    ... okay on input line 47.
LaTeX Font Info:    Checking defaults for C34/song/m/n on input line 47.
LaTeX Font Info:    ... okay on input line 47.
LaTeX Font Info:    Checking defaults for C35/song/m/n on input line 47.
LaTeX Font Info:    ... okay on input line 47.
LaTeX Font Info:    Checking defaults for C36/song/m/n on input line 47.
LaTeX Font Info:    ... okay on input line 47.
LaTeX Font Info:    Checking defaults for C37/song/m/n on input line 47.
LaTeX Font Info:    ... okay on input line 47.
LaTeX Font Info:    Checking defaults for C80/song/m/n on input line 47.
LaTeX Font Info:    ... okay on input line 47.
LaTeX Font Info:    Checking defaults for C81/song/m/n on input line 47.
LaTeX Font Info:    ... okay on input line 47.
LaTeX Font Info:    Checking defaults for C01/song/m/n on input line 47.
LaTeX Font Info:    ... okay on input line 47.
LaTeX Font Info:    Checking defaults for C11/song/m/n on input line 47.
LaTeX Font Info:    ... okay on input line 47.
LaTeX Font Info:    Checking defaults for C21/song/m/n on input line 47.
LaTeX Font Info:    ... okay on input line 47.
LaTeX Font Info:    Checking defaults for C41/song/m/n on input line 47.
LaTeX Font Info:    ... okay on input line 47.
LaTeX Font Info:    Checking defaults for C62/song/m/n on input line 47.
LaTeX Font Info:    ... okay on input line 47.
LaTeX Font Info:    Checking defaults for PD1/pdf/m/n on input line 47.
LaTeX Font Info:    ... okay on input line 47.
LaTeX Font Info:    Checking defaults for PU/pdf/m/n on input line 47.
LaTeX Font Info:    ... okay on input line 47.
LaTeX Font Info:    Try loading font information for OT1+ptm on input line 47.
 ("C:\Program Files\MiKTeX 2.7\tex\latex\psnfss\ot1ptm.fd"
File: ot1ptm.fd 2001/06/04 font definitions for OT1/ptm.
)
("C:\Program Files\MiKTeX 2.7\tex\context\base\supp-pdf.tex"
[Loading MPS to PDF converter (version 2006.09.02).]
\scratchcounter=\count112
\scratchdimen=\dimen112
\scratchbox=\box29
\nofMPsegments=\count113
\nofMParguments=\count114
\everyMPshowfont=\toks19
\MPscratchCnt=\count115
\MPscratchDim=\dimen113
\MPnumerator=\count116
\everyMPtoPDFconversion=\toks20
)
Package hyperref Info: Link coloring OFF on input line 47.
 ("C:\Program Files\MiKTeX 2.7\tex\latex\hyperref\nameref.sty"
Package: nameref 2007/05/29 v2.31 Cross-referencing by name of section

("C:\Program Files\MiKTeX 2.7\tex\latex\oberdiek\refcount.sty"
Package: refcount 2008/08/11 v3.1 Data extraction from references (HO)
)
\c@section@level=\count117
)
LaTeX Info: Redefining \ref on input line 47.
LaTeX Info: Redefining \pageref on input line 47.

(nsysuthesis.out) (nsysuthesis.out)
\@outlinefile=\write3
\AtBeginShipoutBox=\box30
\c@lstlisting=\count118

("C:\Program Files\MiKTeX 2.7\tex\latex\cjk\UTF8\UTF8.bdg"
File: UTF8.bdg 2008/12/29 4.8.2
)
("C:\Program Files\MiKTeX 2.7\tex\latex\cjk\UTF8\UTF8.enc"
File: UTF8.enc 2008/12/29 4.8.2
)
("C:\Program Files\MiKTeX 2.7\tex\latex\cjk\UTF8\UTF8.chr"
File: UTF8.chr 2008/12/29 4.8.2
)
<logo/nsysulogo.jpg, id=70, 350.81062pt x 350.81062pt>
File: logo/nsysulogo.jpg Graphic file (type jpg)

<use logo/nsysulogo.jpg>
LaTeX Font Info:    Try loading font information for C70+bkai on input line 82.


("C:\Program Files\MiKTeX 2.7\tex\latex\cjk\UTF8\c70bkai.fd"
File: c70bkai.fd 2008/12/29 4.8.2
)
("C:\Program Files\MiKTeX 2.7\tex\latex\cjk\UTF8\c70bkai.fdx"
File: c70bkai.fdx 2008/12/29 4.8.2
) [1

{C:/Documents and Settings/All Users/Application Data/MiKTeX/2.7/pdftex/config/
pdftex.map} <logo/nsysulogo.jpg>] <logo/nsysu-wm.jpg, id=141, 188.20313pt x 168
.63pt>
File: logo/nsysu-wm.jpg Graphic file (type jpg)

<use logo/nsysu-wm.jpg>
LaTeX Font Info:    Try loading font information for OMS+ptm on input line 86.
 ("C:\Program Files\MiKTeX 2.7\tex\latex\psnfss\omsptm.fd"
File: omsptm.fd 
)
LaTeX Font Info:    Font shape `OMS/ptm/m/n' in size <12> not available
(Font)              Font shape `OMS/cmsy/m/n' tried instead on input line 86.
 [2 <logo/nsysu-wm.jpg>] (abschinese.tex
LaTeX Font Info:    Font shape `OT1/ptm/bx/n' in size <12> not available
(Font)              Font shape `OT1/ptm/b/n' tried instead on input line 11.
 [3]) (absenglish.tex
LaTeX Font Info:    External font `cmex10' loaded for size
(Font)              <12> on input line 6.
LaTeX Font Info:    External font `cmex10' loaded for size
(Font)              <8> on input line 6.
LaTeX Font Info:    External font `cmex10' loaded for size
(Font)              <6> on input line 6.
 [4])
LaTeX Font Info:    Font shape `OT1/ptm/bx/n' in size <24.88> not available
(Font)              Font shape `OT1/ptm/b/n' tried instead on input line 95.

(nsysuthesis.toc)
\tf@toc=\write4
 [1

] (nsysuthesis.lof)
\tf@lof=\write5
 [2

] (chap01.tex
Chapter 1.
LaTeX Font Info:    Font shape `OT1/ptm/bx/n' in size <17.28> not available
(Font)              Font shape `OT1/ptm/b/n' tried instead on input line 9.
[1

]) (chap02.tex [2]
Chapter 2.


pdfTeX warning: pdflatex (file figs/sentence.pdf): PDF inclusion: found PDF ver
sion <1.5>, but at most version <1.4> allowed
<figs/sentence.pdf, id=285, 313.21616pt x 266.65724pt>
File: figs/sentence.pdf Graphic file (type pdf)
 <use figs/sentence.pdf>
[3

]

pdfTeX warning: pdflatex (file figs/phrase.pdf): PDF inclusion: found PDF versi
on <1.5>, but at most version <1.4> allowed
<figs/phrase.pdf, id=298, 435.57129pt x 223.97778pt>
File: figs/phrase.pdf Graphic file (type pdf)
 <use figs/phrase.pdf>
[4 <figs/sentence.pdf>]) (chap03.tex [5 <figs/phrase.pdf>] [6]
Chapter 3.


pdfTeX warning: pdflatex (file figs/flow.pdf): PDF inclusion: found PDF version
 <1.5>, but at most version <1.4> allowed
<figs/flow.pdf, id=337, 462.58821pt x 308.24458pt>
File: figs/flow.pdf Graphic file (type pdf)
 <use figs/flow.pdf>
Overfull \hbox (16.82576pt too wide) in paragraph at lines 14--16
 [][] 
 []

LaTeX Font Info:    Font shape `OT1/ptm/bx/n' in size <14.4> not available
(Font)              Font shape `OT1/ptm/b/n' tried instead on input line 23.
[7

] [8 <figs/flow.pdf>]) (nsysuthesis.bbl [9]
Missing character: There is no ¡ in font ptmri7t!
Missing character: There is no ¦ in font ptmri7t!
 [10

]) [11] (nsysuthesis.aux)

LaTeX Warning: There were multiply-defined labels.

 ) 
Here is how much of TeX's memory you used:
 9847 strings out of 95304
 129574 string characters out of 1183033
 215234 words of memory out of 1500000
 12625 multiletter control sequences out of 110000
 53185 words of font info for 158 fonts, out of 3000000 for 5000
 14 hyphenation exceptions out of 8191
 36i,9n,58p,897b,1491s stack positions out of 5000i,500n,10000p,200000b,50000s
{C:/Program Files/MiKTeX 2.7/fonts/enc/dvips/fontname/8r.enc}<C:/Program File
s/MiKTeX 2.7/fonts/type1/arphic/bkaiu/bkaiu30.pfb><C:/Program Files/MiKTeX 2.7/
fonts/type1/arphic/bkaiu/bkaiu4e.pfb><C:/Program Files/MiKTeX 2.7/fonts/type1/a
rphic/bkaiu/bkaiu4f.pfb><C:/Program Files/MiKTeX 2.7/fonts/type1/arphic/bkaiu/b
kaiu50.pfb><C:/Program Files/MiKTeX 2.7/fonts/type1/arphic/bkaiu/bkaiu51.pfb><C
:/Program Files/MiKTeX 2.7/fonts/type1/arphic/bkaiu/bkaiu52.pfb><C:/Program Fil
es/MiKTeX 2.7/fonts/type1/arphic/bkaiu/bkaiu53.pfb><C:/Program Files/MiKTeX 2.7
/fonts/type1/arphic/bkaiu/bkaiu54.pfb><C:/Program Files/MiKTeX 2.7/fonts/type1/
arphic/bkaiu/bkaiu55.pfb><C:/Program Files/MiKTeX 2.7/fonts/type1/arphic/bkaiu/
bkaiu56.pfb><C:/Program Files/MiKTeX 2.7/fonts/type1/arphic/bkaiu/bkaiu57.pfb><
C:/Program Files/MiKTeX 2.7/fonts/type1/arphic/bkaiu/bkaiu58.pfb><C:/Program Fi
les/MiKTeX 2.7/fonts/type1/arphic/bkaiu/bkaiu59.pfb><C:/Program Files/MiKTeX 2.
7/fonts/type1/arphic/bkaiu/bkaiu5b.pfb><C:/Program Files/MiKTeX 2.7/fonts/type1
/arphic/bkaiu/bkaiu5c.pfb><C:/Program Files/MiKTeX 2.7/fonts/type1/arphic/bkaiu
/bkaiu5d.pfb><C:/Program Files/MiKTeX 2.7/fonts/type1/arphic/bkaiu/bkaiu5e.pfb>
<C:/Program Files/MiKTeX 2.7/fonts/type1/arphic/bkaiu/bkaiu5f.pfb><C:/Program F
iles/MiKTeX 2.7/fonts/type1/arphic/bkaiu/bkaiu60.pfb><C:/Program Files/MiKTeX 2
.7/fonts/type1/arphic/bkaiu/bkaiu61.pfb><C:/Program Files/MiKTeX 2.7/fonts/type
1/arphic/bkaiu/bkaiu62.pfb><C:/Program Files/MiKTeX 2.7/fonts/type1/arphic/bkai
u/bkaiu63.pfb><C:/Program Files/MiKTeX 2.7/fonts/type1/arphic/bkaiu/bkaiu64.pfb
><C:/Program Files/MiKTeX 2.7/fonts/type1/arphic/bkaiu/bkaiu65.pfb><C:/Program 
Files/MiKTeX 2.7/fonts/type1/arphic/bkaiu/bkaiu66.pfb><C:/Program Files/MiKTeX 
2.7/fonts/type1/arphic/bkaiu/bkaiu67.pfb><C:/Program Files/MiKTeX 2.7/fonts/typ
e1/arphic/bkaiu/bkaiu68.pfb><C:/Program Files/MiKTeX 2.7/fonts/type1/arphic/bka
iu/bkaiu69.pfb><C:/Program Files/MiKTeX 2.7/fonts/type1/arphic/bkaiu/bkaiu6a.pf
b><C:/Program Files/MiKTeX 2.7/fonts/type1/arphic/bkaiu/bkaiu6b.pfb><C:/Program
 Files/MiKTeX 2.7/fonts/type1/arphic/bkaiu/bkaiu6c.pfb><C:/Program Files/MiKTeX
 2.7/fonts/type1/arphic/bkaiu/bkaiu6d.pfb><C:/Program Files/MiKTeX 2.7/fonts/ty
pe1/arphic/bkaiu/bkaiu6e.pfb><C:/Program Files/MiKTeX 2.7/fonts/type1/arphic/bk
aiu/bkaiu6f.pfb><C:/Program Files/MiKTeX 2.7/fonts/type1/arphic/bkaiu/bkaiu70.p
fb><C:/Program Files/MiKTeX 2.7/fonts/type1/arphic/bkaiu/bkaiu71.pfb><C:/Progra
m Files/MiKTeX 2.7/fonts/type1/arphic/bkaiu/bkaiu72.pfb><C:/Program Files/MiKTe
X 2.7/fonts/type1/arphic/bkaiu/bkaiu73.pfb><C:/Program Files/MiKTeX 2.7/fonts/t
ype1/arphic/bkaiu/bkaiu74.pfb><C:/Program Files/MiKTeX 2.7/fonts/type1/arphic/b
kaiu/bkaiu75.pfb><C:/Program Files/MiKTeX 2.7/fonts/type1/arphic/bkaiu/bkaiu76.
pfb><C:/Program Files/MiKTeX 2.7/fonts/type1/arphic/bkaiu/bkaiu77.pfb><C:/Progr
am Files/MiKTeX 2.7/fonts/type1/arphic/bkaiu/bkaiu78.pfb><C:/Program Files/MiKT
eX 2.7/fonts/type1/arphic/bkaiu/bkaiu79.pfb><C:/Program Files/MiKTeX 2.7/fonts/
type1/arphic/bkaiu/bkaiu7a.pfb><C:/Program Files/MiKTeX 2.7/fonts/type1/arphic/
bkaiu/bkaiu7b.pfb><C:/Program Files/MiKTeX 2.7/fonts/type1/arphic/bkaiu/bkaiu7c
.pfb><C:/Program Files/MiKTeX 2.7/fonts/type1/arphic/bkaiu/bkaiu7d.pfb><C:/Prog
ram Files/MiKTeX 2.7/fonts/type1/arphic/bkaiu/bkaiu7e.pfb><C:/Program Files/MiK
TeX 2.7/fonts/type1/arphic/bkaiu/bkaiu7f.pfb><C:/Program Files/MiKTeX 2.7/fonts
/type1/arphic/bkaiu/bkaiu80.pfb><C:/Program Files/MiKTeX 2.7/fonts/type1/arphic
/bkaiu/bkaiu81.pfb><C:/Program Files/MiKTeX 2.7/fonts/type1/arphic/bkaiu/bkaiu8
2.pfb><C:/Program Files/MiKTeX 2.7/fonts/type1/arphic/bkaiu/bkaiu83.pfb><C:/Pro
gram Files/MiKTeX 2.7/fonts/type1/arphic/bkaiu/bkaiu84.pfb><C:/Program Files/Mi
KTeX 2.7/fonts/type1/arphic/bkaiu/bkaiu86.pfb><C:/Program Files/MiKTeX 2.7/font
s/type1/arphic/bkaiu/bkaiu88.pfb><C:/Program Files/MiKTeX 2.7/fonts/type1/arphi
c/bkaiu/bkaiu89.pfb><C:/Program Files/MiKTeX 2.7/fonts/type1/arphic/bkaiu/bkaiu
8a.pfb><C:/Program Files/MiKTeX 2.7/fonts/type1/arphic/bkaiu/bkaiu8b.pfb><C:/Pr
ogram Files/MiKTeX 2.7/fonts/type1/arphic/bkaiu/bkaiu8c.pfb><C:/Program Files/M
iKTeX 2.7/fonts/type1/arphic/bkaiu/bkaiu8d.pfb><C:/Program Files/MiKTeX 2.7/fon
ts/type1/arphic/bkaiu/bkaiu8e.pfb><C:/Program Files/MiKTeX 2.7/fonts/type1/arph
ic/bkaiu/bkaiu8f.pfb><C:/Program Files/MiKTeX 2.7/fonts/type1/arphic/bkaiu/bkai
u90.pfb><C:/Program Files/MiKTeX 2.7/fonts/type1/arphic/bkaiu/bkaiu91.pfb><C:/P
rogram Files/MiKTeX 2.7/fonts/type1/arphic/bkaiu/bkaiu93.pfb><C:/Program Files/
MiKTeX 2.7/fonts/type1/arphic/bkaiu/bkaiu95.pfb><C:/Program Files/MiKTeX 2.7/fo
nts/type1/arphic/bkaiu/bkaiu96.pfb><C:/Program Files/MiKTeX 2.7/fonts/type1/arp
hic/bkaiu/bkaiu97.pfb><C:/Program Files/MiKTeX 2.7/fonts/type1/arphic/bkaiu/bka
iu98.pfb><C:/Program Files/MiKTeX 2.7/fonts/type1/arphic/bkaiu/bkaiu99.pfb><C:/
Program Files/MiKTeX 2.7/fonts/type1/arphic/bkaiu/bkaiu9a.pfb><C:/Program Files
/MiKTeX 2.7/fonts/type1/arphic/bkaiu/bkaiu9e.pfb><C:/Program Files/MiKTeX 2.7/f
onts/type1/arphic/bkaiu/bkaiu9f.pfb><C:/Program Files/MiKTeX 2.7/fonts/type1/ar
phic/bkaiu/bkaiuff.pfb><C:/Program Files/MiKTeX 2.7/fonts/type1/bluesky/cm/cmex
10.pfb><C:/Program Files/MiKTeX 2.7/fonts/type1/bluesky/cm/cmmi12.pfb><C:/Progr
am Files/MiKTeX 2.7/fonts/type1/bluesky/cm/cmmi6.pfb><C:/Program Files/MiKTeX 2
.7/fonts/type1/bluesky/cm/cmmi8.pfb><C:/Program Files/MiKTeX 2.7/fonts/type1/bl
uesky/cm/cmr12.pfb><C:/Program Files/MiKTeX 2.7/fonts/type1/bluesky/cm/cmr6.pfb
><C:/Program Files/MiKTeX 2.7/fonts/type1/bluesky/cm/cmr8.pfb><C:/Program Files
/MiKTeX 2.7/fonts/type1/bluesky/cm/cmsy10.pfb><C:/Program Files/MiKTeX 2.7/font
s/type1/bluesky/cm/cmsy6.pfb><C:/Program Files/MiKTeX 2.7/fonts/type1/bluesky/c
m/cmsy8.pfb><C:/Program Files/MiKTeX 2.7/fonts/type1/urw/times/utmb8a.pfb><C:/P
rogram Files/MiKTeX 2.7/fonts/type1/urw/times/utmr8a.pfb><C:/Program Files/MiKT
eX 2.7/fonts/type1/urw/times/utmri8a.pfb>
Output written on nsysuthesis.pdf (17 pages, 755897 bytes).
PDF statistics:
 664 PDF objects out of 1000 (max. 8388607)
 53 named destinations out of 1000 (max. 131072)
 470 words of extra memory for PDF output out of 10000 (max. 10000000)

